31-Mar-2020 01:52:30.602 INFO [main] org.apache.catalina.startup.VersionLoggerListener.log 서버 버전 이름:        Apache Tomcat/9.0.33
31-Mar-2020 01:52:30.607 INFO [main] org.apache.catalina.startup.VersionLoggerListener.log Server 빌드 시각:          Mar 11 2020 09:31:38 UTC
31-Mar-2020 01:52:30.608 INFO [main] org.apache.catalina.startup.VersionLoggerListener.log Server 버전 번호:         9.0.33.0
31-Mar-2020 01:52:30.609 INFO [main] org.apache.catalina.startup.VersionLoggerListener.log 운영체제 이름:               Windows 10
31-Mar-2020 01:52:30.609 INFO [main] org.apache.catalina.startup.VersionLoggerListener.log 운영체제 버전:            10.0
31-Mar-2020 01:52:30.609 INFO [main] org.apache.catalina.startup.VersionLoggerListener.log 아키텍처:          amd64
31-Mar-2020 01:52:30.609 INFO [main] org.apache.catalina.startup.VersionLoggerListener.log 자바 홈:             C:\Program Files\OpenJDK\jdk-12.0.1
31-Mar-2020 01:52:30.610 INFO [main] org.apache.catalina.startup.VersionLoggerListener.log JVM 버전:           12.0.1+12
31-Mar-2020 01:52:30.610 INFO [main] org.apache.catalina.startup.VersionLoggerListener.log JVM 벤더:            Oracle Corporation
31-Mar-2020 01:52:30.610 INFO [main] org.apache.catalina.startup.VersionLoggerListener.log CATALINA_BASE:         C:\Users\DonghyukHome\fcam\tomcat\apache-tomcat-9.0.33
31-Mar-2020 01:52:30.610 INFO [main] org.apache.catalina.startup.VersionLoggerListener.log CATALINA_HOME:         C:\Users\DonghyukHome\fcam\tomcat\apache-tomcat-9.0.33
31-Mar-2020 01:52:30.621 INFO [main] org.apache.catalina.startup.VersionLoggerListener.log 명령 행 아규먼트: --add-opens=java.base/java.lang=ALL-UNNAMED
31-Mar-2020 01:52:30.621 INFO [main] org.apache.catalina.startup.VersionLoggerListener.log 명령 행 아규먼트: --add-opens=java.base/java.io=ALL-UNNAMED
31-Mar-2020 01:52:30.622 INFO [main] org.apache.catalina.startup.VersionLoggerListener.log 명령 행 아규먼트: --add-opens=java.rmi/sun.rmi.transport=ALL-UNNAMED
31-Mar-2020 01:52:30.623 INFO [main] org.apache.catalina.startup.VersionLoggerListener.log 명령 행 아규먼트: -Djava.util.logging.config.file=C:\Users\DonghyukHome\fcam\tomcat\apache-tomcat-9.0.33\conf\logging.properties
31-Mar-2020 01:52:30.623 INFO [main] org.apache.catalina.startup.VersionLoggerListener.log 명령 행 아규먼트: -Djava.util.logging.manager=org.apache.juli.ClassLoaderLogManager
31-Mar-2020 01:52:30.624 INFO [main] org.apache.catalina.startup.VersionLoggerListener.log 명령 행 아규먼트: -Djdk.tls.ephemeralDHKeySize=2048
31-Mar-2020 01:52:30.625 INFO [main] org.apache.catalina.startup.VersionLoggerListener.log 명령 행 아규먼트: -Djava.protocol.handler.pkgs=org.apache.catalina.webresources
31-Mar-2020 01:52:30.625 INFO [main] org.apache.catalina.startup.VersionLoggerListener.log 명령 행 아규먼트: -Dignore.endorsed.dirs=
31-Mar-2020 01:52:30.626 INFO [main] org.apache.catalina.startup.VersionLoggerListener.log 명령 행 아규먼트: -Dcatalina.base=C:\Users\DonghyukHome\fcam\tomcat\apache-tomcat-9.0.33
31-Mar-2020 01:52:30.627 INFO [main] org.apache.catalina.startup.VersionLoggerListener.log 명령 행 아규먼트: -Dcatalina.home=C:\Users\DonghyukHome\fcam\tomcat\apache-tomcat-9.0.33
31-Mar-2020 01:52:30.629 INFO [main] org.apache.catalina.startup.VersionLoggerListener.log 명령 행 아규먼트: -Djava.io.tmpdir=C:\Users\DonghyukHome\fcam\tomcat\apache-tomcat-9.0.33\temp
31-Mar-2020 01:52:30.630 INFO [main] org.apache.catalina.core.AprLifecycleListener.lifecycleEvent 프로덕션 환경들에서 최적의 성능을 제공하는, APR 기반 Apache Tomcat Native 라이브러리가, 다음 java.library.path에서 발견되지 않습니다: [C:\Program Files\OpenJDK\jdk-12.0.1\bin;C:\Windows\Sun\Java\bin;C:\Windows\system32;C:\Windows;C:\Program Files (x86)\Common Files\Oracle\Java\javapath;C:\Windows\system32;C:\Windows;C:\Windows\System32\Wbem;C:\Windows\System32\WindowsPowerShell\v1.0\;C:\Windows\System32\OpenSSH\;C:\Program Files (x86)\NVIDIA Corporation\PhysX\Common;C:\Program Files\NVIDIA Corporation\NVIDIA NvDLISR;C:\ProgramData\chocolatey\bin;C:\ProgramData\chocolatey\lib\maven\apache-maven-3.6.3\bin;C:\Program Files\Java\jdk1.8.0_231\bin;C:\ProgramData\chocolatey\lib\maven\apache-maven-3.6.3\bin;C:\Users\DonghyukHome\AppData\Local\Microsoft\WindowsApps;C:\Program Files\Bandizip\;C:\Program Files\JetBrains\IntelliJ IDEA Community Edition 2019.3.4\bin;;.]
31-Mar-2020 01:52:31.012 INFO [main] org.apache.coyote.AbstractProtocol.init 프로토콜 핸들러 ["http-nio-8080"]을(를) 초기화합니다.
31-Mar-2020 01:52:31.178 INFO [main] org.apache.catalina.startup.Catalina.load [828] 밀리초 내에 서버가 초기화되었습니다.
31-Mar-2020 01:52:31.245 INFO [main] org.apache.catalina.core.StandardService.startInternal 서비스 [Catalina]을(를) 시작합니다.
31-Mar-2020 01:52:31.254 INFO [main] org.apache.catalina.core.StandardEngine.startInternal 서버 엔진을 시작합니다: [Apache Tomcat/9.0.33]
31-Mar-2020 01:52:31.266 INFO [main] org.apache.catalina.startup.HostConfig.deployDirectory 웹 애플리케이션 디렉토리 [C:\Users\DonghyukHome\fcam\tomcat\apache-tomcat-9.0.33\webapps\docs]을(를) 배치합니다.
31-Mar-2020 01:52:31.874 WARNING [main] org.apache.catalina.util.SessionIdGeneratorBase.createSecureRandom [SHA1PRNG] 알고리즘을 사용하여, 세션 ID를 생성하기 위한 SecureRandom 객체를 생성하는데, [110] 밀리초가 소요됐습니다.
31-Mar-2020 01:52:31.909 INFO [main] org.apache.catalina.startup.HostConfig.deployDirectory 웹 애플리케이션 디렉토리 [C:\Users\DonghyukHome\fcam\tomcat\apache-tomcat-9.0.33\webapps\docs]에 대한 배치가 [643] 밀리초에 완료되었습니다.
31-Mar-2020 01:52:31.911 INFO [main] org.apache.catalina.startup.HostConfig.deployDirectory 웹 애플리케이션 디렉토리 [C:\Users\DonghyukHome\fcam\tomcat\apache-tomcat-9.0.33\webapps\examples]을(를) 배치합니다.
31-Mar-2020 01:52:32.548 INFO [main] org.apache.catalina.startup.HostConfig.deployDirectory 웹 애플리케이션 디렉토리 [C:\Users\DonghyukHome\fcam\tomcat\apache-tomcat-9.0.33\webapps\examples]에 대한 배치가 [637] 밀리초에 완료되었습니다.
31-Mar-2020 01:52:32.552 INFO [main] org.apache.catalina.startup.HostConfig.deployDirectory 웹 애플리케이션 디렉토리 [C:\Users\DonghyukHome\fcam\tomcat\apache-tomcat-9.0.33\webapps\host-manager]을(를) 배치합니다.
31-Mar-2020 01:52:32.612 INFO [main] org.apache.catalina.startup.HostConfig.deployDirectory 웹 애플리케이션 디렉토리 [C:\Users\DonghyukHome\fcam\tomcat\apache-tomcat-9.0.33\webapps\host-manager]에 대한 배치가 [60] 밀리초에 완료되었습니다.
31-Mar-2020 01:52:32.614 INFO [main] org.apache.catalina.startup.HostConfig.deployDirectory 웹 애플리케이션 디렉토리 [C:\Users\DonghyukHome\fcam\tomcat\apache-tomcat-9.0.33\webapps\manager]을(를) 배치합니다.
31-Mar-2020 01:52:32.676 INFO [main] org.apache.catalina.startup.HostConfig.deployDirectory 웹 애플리케이션 디렉토리 [C:\Users\DonghyukHome\fcam\tomcat\apache-tomcat-9.0.33\webapps\manager]에 대한 배치가 [61] 밀리초에 완료되었습니다.
31-Mar-2020 01:52:32.679 INFO [main] org.apache.catalina.startup.HostConfig.deployDirectory 웹 애플리케이션 디렉토리 [C:\Users\DonghyukHome\fcam\tomcat\apache-tomcat-9.0.33\webapps\ROOT]을(를) 배치합니다.
31-Mar-2020 01:52:32.724 INFO [main] org.apache.catalina.startup.HostConfig.deployDirectory 웹 애플리케이션 디렉토리 [C:\Users\DonghyukHome\fcam\tomcat\apache-tomcat-9.0.33\webapps\ROOT]에 대한 배치가 [46] 밀리초에 완료되었습니다.
31-Mar-2020 01:52:32.731 INFO [main] org.apache.coyote.AbstractProtocol.start 프로토콜 핸들러 ["http-nio-8080"]을(를) 시작합니다.
31-Mar-2020 01:52:32.757 INFO [main] org.apache.catalina.startup.Catalina.start 서버가 [1,574] 밀리초 내에 시작되었습니다.
31-Mar-2020 01:54:32.863 INFO [Catalina-utility-1] org.apache.catalina.startup.HostConfig.deployWAR 웹 애플리케이션 아카이브 [C:\Users\DonghyukHome\fcam\tomcat\apache-tomcat-9.0.33\webapps\springbasic.war]을(를) 배치합니다.
31-Mar-2020 01:55:22.160 INFO [Catalina-utility-1] org.apache.jasper.servlet.TldScanner.scanJars 적어도 하나의 JAR가 TLD들을 찾기 위해 스캔되었으나 아무 것도 찾지 못했습니다. 스캔했으나 TLD가 없는 JAR들의 전체 목록을 보시려면, 로그 레벨을 디버그 레벨로 설정하십시오. 스캔 과정에서 불필요한 JAR들을 건너뛰면, 시스템 시작 시간과 JSP 컴파일 시간을 단축시킬 수 있습니다.
31-Mar-2020 01:55:22.382 INFO [Catalina-utility-1] org.apache.catalina.startup.HostConfig.deployWAR 웹 애플리케이션 아카이브 [C:\Users\DonghyukHome\fcam\tomcat\apache-tomcat-9.0.33\webapps\springbasic.war]의 배치가 [49,518] 밀리초에 완료되었습니다.
31-Mar-2020 01:55:32.394 INFO [Catalina-utility-2] org.apache.catalina.startup.HostConfig.deployWAR 웹 애플리케이션 아카이브 [C:\Users\DonghyukHome\fcam\tomcat\apache-tomcat-9.0.33\webapps\original-springbasic.war]을(를) 배치합니다.
31-Mar-2020 01:55:32.703 INFO [Catalina-utility-2] org.apache.jasper.servlet.TldScanner.scanJars 적어도 하나의 JAR가 TLD들을 찾기 위해 스캔되었으나 아무 것도 찾지 못했습니다. 스캔했으나 TLD가 없는 JAR들의 전체 목록을 보시려면, 로그 레벨을 디버그 레벨로 설정하십시오. 스캔 과정에서 불필요한 JAR들을 건너뛰면, 시스템 시작 시간과 JSP 컴파일 시간을 단축시킬 수 있습니다.
31-Mar-2020 01:55:32.928 INFO [Catalina-utility-2] org.apache.catalina.startup.HostConfig.deployWAR 웹 애플리케이션 아카이브 [C:\Users\DonghyukHome\fcam\tomcat\apache-tomcat-9.0.33\webapps\original-springbasic.war]의 배치가 [533] 밀리초에 완료되었습니다.
31-Mar-2020 01:56:13.465 INFO [Catalina-utility-1] org.apache.catalina.startup.HostConfig.undeploy 컨텍스트 [/original-springbasic]의 배치를 제거합니다.
31-Mar-2020 02:04:01.496 INFO [Catalina-utility-2] org.apache.catalina.startup.HostConfig.undeploy 컨텍스트 [/springbasic]의 배치를 제거합니다.
31-Mar-2020 02:04:02.099 INFO [Catalina-utility-2] org.apache.catalina.startup.HostConfig.deployWAR 웹 애플리케이션 아카이브 [C:\Users\DonghyukHome\fcam\tomcat\apache-tomcat-9.0.33\webapps\springbasic.war]을(를) 배치합니다.
31-Mar-2020 02:04:04.273 INFO [Catalina-utility-2] org.apache.jasper.servlet.TldScanner.scanJars 적어도 하나의 JAR가 TLD들을 찾기 위해 스캔되었으나 아무 것도 찾지 못했습니다. 스캔했으나 TLD가 없는 JAR들의 전체 목록을 보시려면, 로그 레벨을 디버그 레벨로 설정하십시오. 스캔 과정에서 불필요한 JAR들을 건너뛰면, 시스템 시작 시간과 JSP 컴파일 시간을 단축시킬 수 있습니다.
31-Mar-2020 02:04:04.457 INFO [Catalina-utility-2] org.apache.catalina.startup.HostConfig.deployWAR 웹 애플리케이션 아카이브 [C:\Users\DonghyukHome\fcam\tomcat\apache-tomcat-9.0.33\webapps\springbasic.war]의 배치가 [2,357] 밀리초에 완료되었습니다.
31-Mar-2020 02:05:27.632 INFO [Catalina-utility-2] org.apache.catalina.startup.HostConfig.undeploy 컨텍스트 [/springbasic]의 배치를 제거합니다.
31-Mar-2020 02:05:28.341 INFO [Catalina-utility-2] org.apache.catalina.startup.HostConfig.deployWAR 웹 애플리케이션 아카이브 [C:\Users\DonghyukHome\fcam\tomcat\apache-tomcat-9.0.33\webapps\springbasic.war]을(를) 배치합니다.
31-Mar-2020 02:05:30.728 INFO [Catalina-utility-2] org.apache.jasper.servlet.TldScanner.scanJars 적어도 하나의 JAR가 TLD들을 찾기 위해 스캔되었으나 아무 것도 찾지 못했습니다. 스캔했으나 TLD가 없는 JAR들의 전체 목록을 보시려면, 로그 레벨을 디버그 레벨로 설정하십시오. 스캔 과정에서 불필요한 JAR들을 건너뛰면, 시스템 시작 시간과 JSP 컴파일 시간을 단축시킬 수 있습니다.
31-Mar-2020 02:05:30.954 INFO [Catalina-utility-2] org.apache.catalina.startup.HostConfig.deployWAR 웹 애플리케이션 아카이브 [C:\Users\DonghyukHome\fcam\tomcat\apache-tomcat-9.0.33\webapps\springbasic.war]의 배치가 [2,613] 밀리초에 완료되었습니다.
31-Mar-2020 02:05:51.485 INFO [Catalina-utility-2] org.apache.catalina.startup.HostConfig.undeploy 컨텍스트 [/springbasic]의 배치를 제거합니다.
31-Mar-2020 02:05:51.512 INFO [Catalina-utility-2] org.apache.catalina.startup.HostConfig.deployWAR 웹 애플리케이션 아카이브 [C:\Users\DonghyukHome\fcam\tomcat\apache-tomcat-9.0.33\webapps\springbasic.war]을(를) 배치합니다.
31-Mar-2020 02:05:53.813 INFO [Catalina-utility-2] org.apache.jasper.servlet.TldScanner.scanJars 적어도 하나의 JAR가 TLD들을 찾기 위해 스캔되었으나 아무 것도 찾지 못했습니다. 스캔했으나 TLD가 없는 JAR들의 전체 목록을 보시려면, 로그 레벨을 디버그 레벨로 설정하십시오. 스캔 과정에서 불필요한 JAR들을 건너뛰면, 시스템 시작 시간과 JSP 컴파일 시간을 단축시킬 수 있습니다.
31-Mar-2020 02:05:54.030 INFO [Catalina-utility-2] org.apache.catalina.startup.HostConfig.deployWAR 웹 애플리케이션 아카이브 [C:\Users\DonghyukHome\fcam\tomcat\apache-tomcat-9.0.33\webapps\springbasic.war]의 배치가 [2,518] 밀리초에 완료되었습니다.
31-Mar-2020 02:08:28.925 SEVERE [main] org.apache.catalina.startup.Catalina.stopServer [localhost:8005] (base 포트 [8005] 그리고 offset [0])와(과) 연결할 수 없었습니다. Tomcat이 실행 중이지 않을 수 있습니다.
31-Mar-2020 02:08:48.374 INFO [main] org.apache.catalina.startup.VersionLoggerListener.log 서버 버전 이름:        Apache Tomcat/9.0.33
31-Mar-2020 02:08:48.378 INFO [main] org.apache.catalina.startup.VersionLoggerListener.log Server 빌드 시각:          Mar 11 2020 09:31:38 UTC
31-Mar-2020 02:08:48.379 INFO [main] org.apache.catalina.startup.VersionLoggerListener.log Server 버전 번호:         9.0.33.0
31-Mar-2020 02:08:48.379 INFO [main] org.apache.catalina.startup.VersionLoggerListener.log 운영체제 이름:               Windows 10
31-Mar-2020 02:08:48.379 INFO [main] org.apache.catalina.startup.VersionLoggerListener.log 운영체제 버전:            10.0
31-Mar-2020 02:08:48.379 INFO [main] org.apache.catalina.startup.VersionLoggerListener.log 아키텍처:          amd64
31-Mar-2020 02:08:48.380 INFO [main] org.apache.catalina.startup.VersionLoggerListener.log 자바 홈:             C:\Program Files\OpenJDK\jdk-12.0.1
31-Mar-2020 02:08:48.380 INFO [main] org.apache.catalina.startup.VersionLoggerListener.log JVM 버전:           12.0.1+12
31-Mar-2020 02:08:48.380 INFO [main] org.apache.catalina.startup.VersionLoggerListener.log JVM 벤더:            Oracle Corporation
31-Mar-2020 02:08:48.380 INFO [main] org.apache.catalina.startup.VersionLoggerListener.log CATALINA_BASE:         C:\Users\DonghyukHome\fcam\tomcat\apache-tomcat-9.0.33
31-Mar-2020 02:08:48.380 INFO [main] org.apache.catalina.startup.VersionLoggerListener.log CATALINA_HOME:         C:\Users\DonghyukHome\fcam\tomcat\apache-tomcat-9.0.33
31-Mar-2020 02:08:48.391 INFO [main] org.apache.catalina.startup.VersionLoggerListener.log 명령 행 아규먼트: --add-opens=java.base/java.lang=ALL-UNNAMED
31-Mar-2020 02:08:48.392 INFO [main] org.apache.catalina.startup.VersionLoggerListener.log 명령 행 아규먼트: --add-opens=java.base/java.io=ALL-UNNAMED
31-Mar-2020 02:08:48.393 INFO [main] org.apache.catalina.startup.VersionLoggerListener.log 명령 행 아규먼트: --add-opens=java.rmi/sun.rmi.transport=ALL-UNNAMED
31-Mar-2020 02:08:48.394 INFO [main] org.apache.catalina.startup.VersionLoggerListener.log 명령 행 아규먼트: -Djava.util.logging.config.file=C:\Users\DonghyukHome\fcam\tomcat\apache-tomcat-9.0.33\conf\logging.properties
31-Mar-2020 02:08:48.394 INFO [main] org.apache.catalina.startup.VersionLoggerListener.log 명령 행 아규먼트: -Djava.util.logging.manager=org.apache.juli.ClassLoaderLogManager
31-Mar-2020 02:08:48.395 INFO [main] org.apache.catalina.startup.VersionLoggerListener.log 명령 행 아규먼트: -Djdk.tls.ephemeralDHKeySize=2048
31-Mar-2020 02:08:48.396 INFO [main] org.apache.catalina.startup.VersionLoggerListener.log 명령 행 아규먼트: -Djava.protocol.handler.pkgs=org.apache.catalina.webresources
31-Mar-2020 02:08:48.396 INFO [main] org.apache.catalina.startup.VersionLoggerListener.log 명령 행 아규먼트: -Dignore.endorsed.dirs=
31-Mar-2020 02:08:48.398 INFO [main] org.apache.catalina.startup.VersionLoggerListener.log 명령 행 아규먼트: -Dcatalina.base=C:\Users\DonghyukHome\fcam\tomcat\apache-tomcat-9.0.33
31-Mar-2020 02:08:48.399 INFO [main] org.apache.catalina.startup.VersionLoggerListener.log 명령 행 아규먼트: -Dcatalina.home=C:\Users\DonghyukHome\fcam\tomcat\apache-tomcat-9.0.33
31-Mar-2020 02:08:48.400 INFO [main] org.apache.catalina.startup.VersionLoggerListener.log 명령 행 아규먼트: -Djava.io.tmpdir=C:\Users\DonghyukHome\fcam\tomcat\apache-tomcat-9.0.33\temp
31-Mar-2020 02:08:48.400 INFO [main] org.apache.catalina.core.AprLifecycleListener.lifecycleEvent 프로덕션 환경들에서 최적의 성능을 제공하는, APR 기반 Apache Tomcat Native 라이브러리가, 다음 java.library.path에서 발견되지 않습니다: [C:\Program Files\OpenJDK\jdk-12.0.1\bin;C:\Windows\Sun\Java\bin;C:\Windows\system32;C:\Windows;C:\Program Files (x86)\Common Files\Oracle\Java\javapath;C:\Windows\system32;C:\Windows;C:\Windows\System32\Wbem;C:\Windows\System32\WindowsPowerShell\v1.0\;C:\Windows\System32\OpenSSH\;C:\Program Files (x86)\NVIDIA Corporation\PhysX\Common;C:\Program Files\NVIDIA Corporation\NVIDIA NvDLISR;C:\ProgramData\chocolatey\bin;C:\ProgramData\chocolatey\lib\maven\apache-maven-3.6.3\bin;C:\Program Files\OpenJDK\jdk-12.0.1\bin;C:\ProgramData\chocolatey\lib\maven\apache-maven-3.6.3\bin;C:\Users\DonghyukHome\AppData\Local\Microsoft\WindowsApps;C:\Program Files\Bandizip\;C:\Program Files\JetBrains\IntelliJ IDEA Community Edition 2019.3.4\bin;.]
31-Mar-2020 02:08:48.650 INFO [main] org.apache.coyote.AbstractProtocol.init 프로토콜 핸들러 ["http-nio-8080"]을(를) 초기화합니다.
31-Mar-2020 02:08:48.783 INFO [main] org.apache.catalina.startup.Catalina.load [623] 밀리초 내에 서버가 초기화되었습니다.
31-Mar-2020 02:08:48.835 INFO [main] org.apache.catalina.core.StandardService.startInternal 서비스 [Catalina]을(를) 시작합니다.
31-Mar-2020 02:08:48.837 INFO [main] org.apache.catalina.core.StandardEngine.startInternal 서버 엔진을 시작합니다: [Apache Tomcat/9.0.33]
31-Mar-2020 02:08:48.856 INFO [main] org.apache.catalina.startup.HostConfig.deployWAR 웹 애플리케이션 아카이브 [C:\Users\DonghyukHome\fcam\tomcat\apache-tomcat-9.0.33\webapps\springbasic.war]을(를) 배치합니다.
31-Mar-2020 02:08:49.308 INFO [main] org.apache.jasper.servlet.TldScanner.scanJars 적어도 하나의 JAR가 TLD들을 찾기 위해 스캔되었으나 아무 것도 찾지 못했습니다. 스캔했으나 TLD가 없는 JAR들의 전체 목록을 보시려면, 로그 레벨을 디버그 레벨로 설정하십시오. 스캔 과정에서 불필요한 JAR들을 건너뛰면, 시스템 시작 시간과 JSP 컴파일 시간을 단축시킬 수 있습니다.
31-Mar-2020 02:08:49.662 INFO [main] org.apache.catalina.startup.HostConfig.deployWAR 웹 애플리케이션 아카이브 [C:\Users\DonghyukHome\fcam\tomcat\apache-tomcat-9.0.33\webapps\springbasic.war]의 배치가 [806] 밀리초에 완료되었습니다.
31-Mar-2020 02:08:49.665 INFO [main] org.apache.catalina.startup.HostConfig.deployDirectory 웹 애플리케이션 디렉토리 [C:\Users\DonghyukHome\fcam\tomcat\apache-tomcat-9.0.33\webapps\docs]을(를) 배치합니다.
31-Mar-2020 02:08:49.695 INFO [main] org.apache.catalina.startup.HostConfig.deployDirectory 웹 애플리케이션 디렉토리 [C:\Users\DonghyukHome\fcam\tomcat\apache-tomcat-9.0.33\webapps\docs]에 대한 배치가 [31] 밀리초에 완료되었습니다.
31-Mar-2020 02:08:49.697 INFO [main] org.apache.catalina.startup.HostConfig.deployDirectory 웹 애플리케이션 디렉토리 [C:\Users\DonghyukHome\fcam\tomcat\apache-tomcat-9.0.33\webapps\examples]을(를) 배치합니다.
31-Mar-2020 02:08:50.123 INFO [main] org.apache.catalina.startup.HostConfig.deployDirectory 웹 애플리케이션 디렉토리 [C:\Users\DonghyukHome\fcam\tomcat\apache-tomcat-9.0.33\webapps\examples]에 대한 배치가 [426] 밀리초에 완료되었습니다.
31-Mar-2020 02:08:50.125 INFO [main] org.apache.catalina.startup.HostConfig.deployDirectory 웹 애플리케이션 디렉토리 [C:\Users\DonghyukHome\fcam\tomcat\apache-tomcat-9.0.33\webapps\host-manager]을(를) 배치합니다.
31-Mar-2020 02:08:50.168 INFO [main] org.apache.catalina.startup.HostConfig.deployDirectory 웹 애플리케이션 디렉토리 [C:\Users\DonghyukHome\fcam\tomcat\apache-tomcat-9.0.33\webapps\host-manager]에 대한 배치가 [43] 밀리초에 완료되었습니다.
31-Mar-2020 02:08:50.170 INFO [main] org.apache.catalina.startup.HostConfig.deployDirectory 웹 애플리케이션 디렉토리 [C:\Users\DonghyukHome\fcam\tomcat\apache-tomcat-9.0.33\webapps\manager]을(를) 배치합니다.
31-Mar-2020 02:08:50.207 INFO [main] org.apache.catalina.startup.HostConfig.deployDirectory 웹 애플리케이션 디렉토리 [C:\Users\DonghyukHome\fcam\tomcat\apache-tomcat-9.0.33\webapps\manager]에 대한 배치가 [37] 밀리초에 완료되었습니다.
31-Mar-2020 02:08:50.209 INFO [main] org.apache.catalina.startup.HostConfig.deployDirectory 웹 애플리케이션 디렉토리 [C:\Users\DonghyukHome\fcam\tomcat\apache-tomcat-9.0.33\webapps\ROOT]을(를) 배치합니다.
31-Mar-2020 02:08:50.240 INFO [main] org.apache.catalina.startup.HostConfig.deployDirectory 웹 애플리케이션 디렉토리 [C:\Users\DonghyukHome\fcam\tomcat\apache-tomcat-9.0.33\webapps\ROOT]에 대한 배치가 [31] 밀리초에 완료되었습니다.
31-Mar-2020 02:08:50.246 INFO [main] org.apache.coyote.AbstractProtocol.start 프로토콜 핸들러 ["http-nio-8080"]을(를) 시작합니다.
31-Mar-2020 02:08:50.256 INFO [main] org.apache.catalina.startup.Catalina.start 서버가 [1,470] 밀리초 내에 시작되었습니다.
31-Mar-2020 02:08:53.067 INFO [Thread-3] org.apache.coyote.AbstractProtocol.pause 프로토콜 핸들러 ["http-nio-8080"]을(를) 일시 정지 중
31-Mar-2020 02:08:53.157 INFO [Thread-3] org.apache.catalina.core.StandardService.stopInternal 서비스 [Catalina]을(를) 중지시킵니다.
31-Mar-2020 02:08:53.198 INFO [Thread-3] org.apache.coyote.AbstractProtocol.stop 프로토콜 핸들러 ["http-nio-8080"]을(를) 중지시킵니다.
31-Mar-2020 02:08:53.206 INFO [Thread-3] org.apache.coyote.AbstractProtocol.destroy 프로토콜 핸들러 ["http-nio-8080"]을(를) 소멸시킵니다.
31-Mar-2020 02:09:07.967 INFO [main] org.apache.catalina.startup.VersionLoggerListener.log 서버 버전 이름:        Apache Tomcat/9.0.33
31-Mar-2020 02:09:07.972 INFO [main] org.apache.catalina.startup.VersionLoggerListener.log Server 빌드 시각:          Mar 11 2020 09:31:38 UTC
31-Mar-2020 02:09:07.972 INFO [main] org.apache.catalina.startup.VersionLoggerListener.log Server 버전 번호:         9.0.33.0
31-Mar-2020 02:09:07.972 INFO [main] org.apache.catalina.startup.VersionLoggerListener.log 운영체제 이름:               Windows 10
31-Mar-2020 02:09:07.972 INFO [main] org.apache.catalina.startup.VersionLoggerListener.log 운영체제 버전:            10.0
31-Mar-2020 02:09:07.973 INFO [main] org.apache.catalina.startup.VersionLoggerListener.log 아키텍처:          amd64
31-Mar-2020 02:09:07.973 INFO [main] org.apache.catalina.startup.VersionLoggerListener.log 자바 홈:             C:\Program Files\OpenJDK\jdk-12.0.1
31-Mar-2020 02:09:07.973 INFO [main] org.apache.catalina.startup.VersionLoggerListener.log JVM 버전:           12.0.1+12
31-Mar-2020 02:09:07.973 INFO [main] org.apache.catalina.startup.VersionLoggerListener.log JVM 벤더:            Oracle Corporation
31-Mar-2020 02:09:07.973 INFO [main] org.apache.catalina.startup.VersionLoggerListener.log CATALINA_BASE:         C:\Users\DonghyukHome\fcam\tomcat\apache-tomcat-9.0.33
31-Mar-2020 02:09:07.973 INFO [main] org.apache.catalina.startup.VersionLoggerListener.log CATALINA_HOME:         C:\Users\DonghyukHome\fcam\tomcat\apache-tomcat-9.0.33
31-Mar-2020 02:09:07.984 INFO [main] org.apache.catalina.startup.VersionLoggerListener.log 명령 행 아규먼트: --add-opens=java.base/java.lang=ALL-UNNAMED
31-Mar-2020 02:09:07.985 INFO [main] org.apache.catalina.startup.VersionLoggerListener.log 명령 행 아규먼트: --add-opens=java.base/java.io=ALL-UNNAMED
31-Mar-2020 02:09:07.986 INFO [main] org.apache.catalina.startup.VersionLoggerListener.log 명령 행 아규먼트: --add-opens=java.rmi/sun.rmi.transport=ALL-UNNAMED
31-Mar-2020 02:09:07.987 INFO [main] org.apache.catalina.startup.VersionLoggerListener.log 명령 행 아규먼트: -Djava.util.logging.config.file=C:\Users\DonghyukHome\fcam\tomcat\apache-tomcat-9.0.33\conf\logging.properties
31-Mar-2020 02:09:07.987 INFO [main] org.apache.catalina.startup.VersionLoggerListener.log 명령 행 아규먼트: -Djava.util.logging.manager=org.apache.juli.ClassLoaderLogManager
31-Mar-2020 02:09:07.988 INFO [main] org.apache.catalina.startup.VersionLoggerListener.log 명령 행 아규먼트: -Djdk.tls.ephemeralDHKeySize=2048
31-Mar-2020 02:09:07.988 INFO [main] org.apache.catalina.startup.VersionLoggerListener.log 명령 행 아규먼트: -Djava.protocol.handler.pkgs=org.apache.catalina.webresources
31-Mar-2020 02:09:07.989 INFO [main] org.apache.catalina.startup.VersionLoggerListener.log 명령 행 아규먼트: -Dignore.endorsed.dirs=
31-Mar-2020 02:09:07.990 INFO [main] org.apache.catalina.startup.VersionLoggerListener.log 명령 행 아규먼트: -Dcatalina.base=C:\Users\DonghyukHome\fcam\tomcat\apache-tomcat-9.0.33
31-Mar-2020 02:09:07.992 INFO [main] org.apache.catalina.startup.VersionLoggerListener.log 명령 행 아규먼트: -Dcatalina.home=C:\Users\DonghyukHome\fcam\tomcat\apache-tomcat-9.0.33
31-Mar-2020 02:09:07.992 INFO [main] org.apache.catalina.startup.VersionLoggerListener.log 명령 행 아규먼트: -Djava.io.tmpdir=C:\Users\DonghyukHome\fcam\tomcat\apache-tomcat-9.0.33\temp
31-Mar-2020 02:09:07.993 INFO [main] org.apache.catalina.core.AprLifecycleListener.lifecycleEvent 프로덕션 환경들에서 최적의 성능을 제공하는, APR 기반 Apache Tomcat Native 라이브러리가, 다음 java.library.path에서 발견되지 않습니다: [C:\Program Files\OpenJDK\jdk-12.0.1\bin;C:\Windows\Sun\Java\bin;C:\Windows\system32;C:\Windows;C:\Program Files (x86)\Common Files\Oracle\Java\javapath;C:\Windows\system32;C:\Windows;C:\Windows\System32\Wbem;C:\Windows\System32\WindowsPowerShell\v1.0\;C:\Windows\System32\OpenSSH\;C:\Program Files (x86)\NVIDIA Corporation\PhysX\Common;C:\Program Files\NVIDIA Corporation\NVIDIA NvDLISR;C:\ProgramData\chocolatey\bin;C:\ProgramData\chocolatey\lib\maven\apache-maven-3.6.3\bin;C:\Program Files\OpenJDK\jdk-12.0.1\bin;C:\ProgramData\chocolatey\lib\maven\apache-maven-3.6.3\bin;C:\Users\DonghyukHome\AppData\Local\Microsoft\WindowsApps;C:\Program Files\Bandizip\;C:\Program Files\JetBrains\IntelliJ IDEA Community Edition 2019.3.4\bin;.]
31-Mar-2020 02:09:08.242 INFO [main] org.apache.coyote.AbstractProtocol.init 프로토콜 핸들러 ["http-nio-8080"]을(를) 초기화합니다.
31-Mar-2020 02:09:08.374 INFO [main] org.apache.catalina.startup.Catalina.load [621] 밀리초 내에 서버가 초기화되었습니다.
31-Mar-2020 02:09:08.423 INFO [main] org.apache.catalina.core.StandardService.startInternal 서비스 [Catalina]을(를) 시작합니다.
31-Mar-2020 02:09:08.425 INFO [main] org.apache.catalina.core.StandardEngine.startInternal 서버 엔진을 시작합니다: [Apache Tomcat/9.0.33]
31-Mar-2020 02:09:08.445 INFO [main] org.apache.catalina.startup.HostConfig.deployWAR 웹 애플리케이션 아카이브 [C:\Users\DonghyukHome\fcam\tomcat\apache-tomcat-9.0.33\webapps\springbasic.war]을(를) 배치합니다.
31-Mar-2020 02:09:08.912 INFO [main] org.apache.jasper.servlet.TldScanner.scanJars 적어도 하나의 JAR가 TLD들을 찾기 위해 스캔되었으나 아무 것도 찾지 못했습니다. 스캔했으나 TLD가 없는 JAR들의 전체 목록을 보시려면, 로그 레벨을 디버그 레벨로 설정하십시오. 스캔 과정에서 불필요한 JAR들을 건너뛰면, 시스템 시작 시간과 JSP 컴파일 시간을 단축시킬 수 있습니다.
31-Mar-2020 02:09:09.257 INFO [main] org.apache.catalina.startup.HostConfig.deployWAR 웹 애플리케이션 아카이브 [C:\Users\DonghyukHome\fcam\tomcat\apache-tomcat-9.0.33\webapps\springbasic.war]의 배치가 [811] 밀리초에 완료되었습니다.
31-Mar-2020 02:09:09.260 INFO [main] org.apache.catalina.startup.HostConfig.deployDirectory 웹 애플리케이션 디렉토리 [C:\Users\DonghyukHome\fcam\tomcat\apache-tomcat-9.0.33\webapps\docs]을(를) 배치합니다.
31-Mar-2020 02:09:09.293 INFO [main] org.apache.catalina.startup.HostConfig.deployDirectory 웹 애플리케이션 디렉토리 [C:\Users\DonghyukHome\fcam\tomcat\apache-tomcat-9.0.33\webapps\docs]에 대한 배치가 [33] 밀리초에 완료되었습니다.
31-Mar-2020 02:09:09.295 INFO [main] org.apache.catalina.startup.HostConfig.deployDirectory 웹 애플리케이션 디렉토리 [C:\Users\DonghyukHome\fcam\tomcat\apache-tomcat-9.0.33\webapps\examples]을(를) 배치합니다.
31-Mar-2020 02:09:09.754 INFO [main] org.apache.catalina.startup.HostConfig.deployDirectory 웹 애플리케이션 디렉토리 [C:\Users\DonghyukHome\fcam\tomcat\apache-tomcat-9.0.33\webapps\examples]에 대한 배치가 [458] 밀리초에 완료되었습니다.
31-Mar-2020 02:09:09.756 INFO [main] org.apache.catalina.startup.HostConfig.deployDirectory 웹 애플리케이션 디렉토리 [C:\Users\DonghyukHome\fcam\tomcat\apache-tomcat-9.0.33\webapps\host-manager]을(를) 배치합니다.
31-Mar-2020 02:09:09.805 INFO [main] org.apache.catalina.startup.HostConfig.deployDirectory 웹 애플리케이션 디렉토리 [C:\Users\DonghyukHome\fcam\tomcat\apache-tomcat-9.0.33\webapps\host-manager]에 대한 배치가 [49] 밀리초에 완료되었습니다.
31-Mar-2020 02:09:09.807 INFO [main] org.apache.catalina.startup.HostConfig.deployDirectory 웹 애플리케이션 디렉토리 [C:\Users\DonghyukHome\fcam\tomcat\apache-tomcat-9.0.33\webapps\manager]을(를) 배치합니다.
31-Mar-2020 02:09:09.840 INFO [main] org.apache.catalina.startup.HostConfig.deployDirectory 웹 애플리케이션 디렉토리 [C:\Users\DonghyukHome\fcam\tomcat\apache-tomcat-9.0.33\webapps\manager]에 대한 배치가 [33] 밀리초에 완료되었습니다.
31-Mar-2020 02:09:09.842 INFO [main] org.apache.catalina.startup.HostConfig.deployDirectory 웹 애플리케이션 디렉토리 [C:\Users\DonghyukHome\fcam\tomcat\apache-tomcat-9.0.33\webapps\ROOT]을(를) 배치합니다.
31-Mar-2020 02:09:09.872 INFO [main] org.apache.catalina.startup.HostConfig.deployDirectory 웹 애플리케이션 디렉토리 [C:\Users\DonghyukHome\fcam\tomcat\apache-tomcat-9.0.33\webapps\ROOT]에 대한 배치가 [30] 밀리초에 완료되었습니다.
31-Mar-2020 02:09:09.878 INFO [main] org.apache.coyote.AbstractProtocol.start 프로토콜 핸들러 ["http-nio-8080"]을(를) 시작합니다.
31-Mar-2020 02:09:09.888 INFO [main] org.apache.catalina.startup.Catalina.start 서버가 [1,512] 밀리초 내에 시작되었습니다.
31-Mar-2020 02:27:21.331 INFO [Catalina-utility-2] org.apache.catalina.startup.HostConfig.undeploy 컨텍스트 [/springbasic]의 배치를 제거합니다.
31-Mar-2020 02:27:31.414 INFO [Catalina-utility-2] org.apache.catalina.startup.HostConfig.deployWAR 웹 애플리케이션 아카이브 [C:\Users\DonghyukHome\fcam\tomcat\apache-tomcat-9.0.33\webapps\springbasic.war]을(를) 배치합니다.
31-Mar-2020 02:27:33.544 INFO [Catalina-utility-2] org.apache.jasper.servlet.TldScanner.scanJars 적어도 하나의 JAR가 TLD들을 찾기 위해 스캔되었으나 아무 것도 찾지 못했습니다. 스캔했으나 TLD가 없는 JAR들의 전체 목록을 보시려면, 로그 레벨을 디버그 레벨로 설정하십시오. 스캔 과정에서 불필요한 JAR들을 건너뛰면, 시스템 시작 시간과 JSP 컴파일 시간을 단축시킬 수 있습니다.
31-Mar-2020 02:27:33.768 INFO [Catalina-utility-2] org.apache.catalina.startup.HostConfig.deployWAR 웹 애플리케이션 아카이브 [C:\Users\DonghyukHome\fcam\tomcat\apache-tomcat-9.0.33\webapps\springbasic.war]의 배치가 [2,355] 밀리초에 완료되었습니다.
31-Mar-2020 02:28:53.865 INFO [Catalina-utility-1] org.apache.catalina.startup.HostConfig.undeploy 컨텍스트 [/springbasic]의 배치를 제거합니다.
31-Mar-2020 02:28:53.906 INFO [Catalina-utility-1] org.apache.catalina.startup.HostConfig.deployWAR 웹 애플리케이션 아카이브 [C:\Users\DonghyukHome\fcam\tomcat\apache-tomcat-9.0.33\webapps\springbasic.war]을(를) 배치합니다.
31-Mar-2020 02:28:55.977 INFO [Catalina-utility-1] org.apache.jasper.servlet.TldScanner.scanJars 적어도 하나의 JAR가 TLD들을 찾기 위해 스캔되었으나 아무 것도 찾지 못했습니다. 스캔했으나 TLD가 없는 JAR들의 전체 목록을 보시려면, 로그 레벨을 디버그 레벨로 설정하십시오. 스캔 과정에서 불필요한 JAR들을 건너뛰면, 시스템 시작 시간과 JSP 컴파일 시간을 단축시킬 수 있습니다.
31-Mar-2020 02:28:56.189 INFO [Catalina-utility-1] org.apache.catalina.startup.HostConfig.deployWAR 웹 애플리케이션 아카이브 [C:\Users\DonghyukHome\fcam\tomcat\apache-tomcat-9.0.33\webapps\springbasic.war]의 배치가 [2,284] 밀리초에 완료되었습니다.
31-Mar-2020 02:36:57.029 INFO [Catalina-utility-1] org.apache.catalina.startup.HostConfig.undeploy 컨텍스트 [/springbasic]의 배치를 제거합니다.
31-Mar-2020 02:37:07.066 INFO [Catalina-utility-1] org.apache.catalina.startup.HostConfig.deployWAR 웹 애플리케이션 아카이브 [C:\Users\DonghyukHome\fcam\tomcat\apache-tomcat-9.0.33\webapps\springbasic.war]을(를) 배치합니다.
31-Mar-2020 02:37:09.243 INFO [Catalina-utility-1] org.apache.jasper.servlet.TldScanner.scanJars 적어도 하나의 JAR가 TLD들을 찾기 위해 스캔되었으나 아무 것도 찾지 못했습니다. 스캔했으나 TLD가 없는 JAR들의 전체 목록을 보시려면, 로그 레벨을 디버그 레벨로 설정하십시오. 스캔 과정에서 불필요한 JAR들을 건너뛰면, 시스템 시작 시간과 JSP 컴파일 시간을 단축시킬 수 있습니다.
31-Mar-2020 02:37:09.414 INFO [Catalina-utility-1] org.apache.catalina.startup.HostConfig.deployWAR 웹 애플리케이션 아카이브 [C:\Users\DonghyukHome\fcam\tomcat\apache-tomcat-9.0.33\webapps\springbasic.war]의 배치가 [2,349] 밀리초에 완료되었습니다.
31-Mar-2020 03:23:20.086 INFO [Catalina-utility-1] org.apache.catalina.startup.HostConfig.undeploy 컨텍스트 [/springbasic]의 배치를 제거합니다.
31-Mar-2020 03:23:44.868 INFO [Catalina-utility-1] org.apache.catalina.startup.HostConfig.deployWAR 웹 애플리케이션 아카이브 [C:\Users\DonghyukHome\fcam\tomcat\apache-tomcat-9.0.33\webapps\springbasic.war]을(를) 배치합니다.
31-Mar-2020 03:23:44.898 INFO [Catalina-utility-1] org.apache.catalina.startup.HostConfig.deployWAR 웹 애플리케이션 아카이브 [C:\Users\DonghyukHome\fcam\tomcat\apache-tomcat-9.0.33\webapps\springbasic.war]의 배치가 [30] 밀리초에 완료되었습니다.
31-Mar-2020 03:25:15.460 INFO [Catalina-utility-1] org.apache.catalina.startup.HostConfig.undeploy 컨텍스트 [/springbasic]의 배치를 제거합니다.
31-Mar-2020 03:25:35.497 INFO [Catalina-utility-1] org.apache.catalina.startup.HostConfig.deployWAR 웹 애플리케이션 아카이브 [C:\Users\DonghyukHome\fcam\tomcat\apache-tomcat-9.0.33\webapps\springbasic.war]을(를) 배치합니다.
31-Mar-2020 03:25:35.735 INFO [Catalina-utility-1] org.apache.jasper.servlet.TldScanner.scanJars 적어도 하나의 JAR가 TLD들을 찾기 위해 스캔되었으나 아무 것도 찾지 못했습니다. 스캔했으나 TLD가 없는 JAR들의 전체 목록을 보시려면, 로그 레벨을 디버그 레벨로 설정하십시오. 스캔 과정에서 불필요한 JAR들을 건너뛰면, 시스템 시작 시간과 JSP 컴파일 시간을 단축시킬 수 있습니다.
31-Mar-2020 03:25:35.909 INFO [Catalina-utility-1] org.apache.catalina.startup.HostConfig.deployWAR 웹 애플리케이션 아카이브 [C:\Users\DonghyukHome\fcam\tomcat\apache-tomcat-9.0.33\webapps\springbasic.war]의 배치가 [411] 밀리초에 완료되었습니다.
31-Mar-2020 03:25:46.412 INFO [Catalina-utility-2] org.apache.catalina.startup.HostConfig.undeploy 컨텍스트 [/springbasic]의 배치를 제거합니다.
31-Mar-2020 03:25:56.468 INFO [Catalina-utility-2] org.apache.catalina.startup.HostConfig.deployWAR 웹 애플리케이션 아카이브 [C:\Users\DonghyukHome\fcam\tomcat\apache-tomcat-9.0.33\webapps\springbasic.war]을(를) 배치합니다.
31-Mar-2020 03:25:56.711 INFO [Catalina-utility-2] org.apache.jasper.servlet.TldScanner.scanJars 적어도 하나의 JAR가 TLD들을 찾기 위해 스캔되었으나 아무 것도 찾지 못했습니다. 스캔했으나 TLD가 없는 JAR들의 전체 목록을 보시려면, 로그 레벨을 디버그 레벨로 설정하십시오. 스캔 과정에서 불필요한 JAR들을 건너뛰면, 시스템 시작 시간과 JSP 컴파일 시간을 단축시킬 수 있습니다.
31-Mar-2020 03:25:56.875 INFO [Catalina-utility-2] org.apache.catalina.startup.HostConfig.deployWAR 웹 애플리케이션 아카이브 [C:\Users\DonghyukHome\fcam\tomcat\apache-tomcat-9.0.33\webapps\springbasic.war]의 배치가 [407] 밀리초에 완료되었습니다.
31-Mar-2020 03:29:37.640 INFO [Catalina-utility-1] org.apache.catalina.startup.HostConfig.undeploy 컨텍스트 [/springbasic]의 배치를 제거합니다.
31-Mar-2020 03:31:55.236 INFO [main] org.apache.catalina.startup.VersionLoggerListener.log 서버 버전 이름:        Apache Tomcat/9.0.33
31-Mar-2020 03:31:55.242 INFO [main] org.apache.catalina.startup.VersionLoggerListener.log Server 빌드 시각:          Mar 11 2020 09:31:38 UTC
31-Mar-2020 03:31:55.243 INFO [main] org.apache.catalina.startup.VersionLoggerListener.log Server 버전 번호:         9.0.33.0
31-Mar-2020 03:31:55.243 INFO [main] org.apache.catalina.startup.VersionLoggerListener.log 운영체제 이름:               Windows 10
31-Mar-2020 03:31:55.244 INFO [main] org.apache.catalina.startup.VersionLoggerListener.log 운영체제 버전:            10.0
31-Mar-2020 03:31:55.244 INFO [main] org.apache.catalina.startup.VersionLoggerListener.log 아키텍처:          amd64
31-Mar-2020 03:31:55.244 INFO [main] org.apache.catalina.startup.VersionLoggerListener.log 자바 홈:             C:\Program Files\OpenJDK\jdk-12.0.1
31-Mar-2020 03:31:55.245 INFO [main] org.apache.catalina.startup.VersionLoggerListener.log JVM 버전:           12.0.1+12
31-Mar-2020 03:31:55.245 INFO [main] org.apache.catalina.startup.VersionLoggerListener.log JVM 벤더:            Oracle Corporation
31-Mar-2020 03:31:55.245 INFO [main] org.apache.catalina.startup.VersionLoggerListener.log CATALINA_BASE:         C:\Users\DonghyukHome\fcam\tomcat\apache-tomcat-9.0.33
31-Mar-2020 03:31:55.245 INFO [main] org.apache.catalina.startup.VersionLoggerListener.log CATALINA_HOME:         C:\Users\DonghyukHome\fcam\tomcat\apache-tomcat-9.0.33
31-Mar-2020 03:31:55.258 INFO [main] org.apache.catalina.startup.VersionLoggerListener.log 명령 행 아규먼트: --add-opens=java.base/java.lang=ALL-UNNAMED
31-Mar-2020 03:31:55.259 INFO [main] org.apache.catalina.startup.VersionLoggerListener.log 명령 행 아규먼트: --add-opens=java.base/java.io=ALL-UNNAMED
31-Mar-2020 03:31:55.260 INFO [main] org.apache.catalina.startup.VersionLoggerListener.log 명령 행 아규먼트: --add-opens=java.rmi/sun.rmi.transport=ALL-UNNAMED
31-Mar-2020 03:31:55.261 INFO [main] org.apache.catalina.startup.VersionLoggerListener.log 명령 행 아규먼트: -Djava.util.logging.config.file=C:\Users\DonghyukHome\fcam\tomcat\apache-tomcat-9.0.33\conf\logging.properties
31-Mar-2020 03:31:55.262 INFO [main] org.apache.catalina.startup.VersionLoggerListener.log 명령 행 아규먼트: -Djava.util.logging.manager=org.apache.juli.ClassLoaderLogManager
31-Mar-2020 03:31:55.263 INFO [main] org.apache.catalina.startup.VersionLoggerListener.log 명령 행 아규먼트: -Djdk.tls.ephemeralDHKeySize=2048
31-Mar-2020 03:31:55.264 INFO [main] org.apache.catalina.startup.VersionLoggerListener.log 명령 행 아규먼트: -Djava.protocol.handler.pkgs=org.apache.catalina.webresources
31-Mar-2020 03:31:55.264 INFO [main] org.apache.catalina.startup.VersionLoggerListener.log 명령 행 아규먼트: -Dignore.endorsed.dirs=
31-Mar-2020 03:31:55.265 INFO [main] org.apache.catalina.startup.VersionLoggerListener.log 명령 행 아규먼트: -Dcatalina.base=C:\Users\DonghyukHome\fcam\tomcat\apache-tomcat-9.0.33
31-Mar-2020 03:31:55.265 INFO [main] org.apache.catalina.startup.VersionLoggerListener.log 명령 행 아규먼트: -Dcatalina.home=C:\Users\DonghyukHome\fcam\tomcat\apache-tomcat-9.0.33
31-Mar-2020 03:31:55.266 INFO [main] org.apache.catalina.startup.VersionLoggerListener.log 명령 행 아규먼트: -Djava.io.tmpdir=C:\Users\DonghyukHome\fcam\tomcat\apache-tomcat-9.0.33\temp
31-Mar-2020 03:31:55.267 INFO [main] org.apache.catalina.core.AprLifecycleListener.lifecycleEvent 프로덕션 환경들에서 최적의 성능을 제공하는, APR 기반 Apache Tomcat Native 라이브러리가, 다음 java.library.path에서 발견되지 않습니다: [C:\Program Files\OpenJDK\jdk-12.0.1\bin;C:\Windows\Sun\Java\bin;C:\Windows\system32;C:\Windows;C:\Program Files (x86)\Common Files\Oracle\Java\javapath;C:\Windows\system32;C:\Windows;C:\Windows\System32\Wbem;C:\Windows\System32\WindowsPowerShell\v1.0\;C:\Windows\System32\OpenSSH\;C:\Program Files (x86)\NVIDIA Corporation\PhysX\Common;C:\Program Files\NVIDIA Corporation\NVIDIA NvDLISR;C:\ProgramData\chocolatey\bin;C:\ProgramData\chocolatey\lib\maven\apache-maven-3.6.3\bin;C:\Program Files\Java\jdk1.8.0_231\bin;C:\ProgramData\chocolatey\lib\maven\apache-maven-3.6.3\bin;C:\Users\DonghyukHome\AppData\Local\Microsoft\WindowsApps;C:\Program Files\Bandizip\;C:\Program Files\JetBrains\IntelliJ IDEA Community Edition 2019.3.4\bin;;.]
31-Mar-2020 03:31:55.649 INFO [main] org.apache.coyote.AbstractProtocol.init 프로토콜 핸들러 ["http-nio-8080"]을(를) 초기화합니다.
31-Mar-2020 03:31:55.794 INFO [main] org.apache.catalina.startup.Catalina.load [795] 밀리초 내에 서버가 초기화되었습니다.
31-Mar-2020 03:31:55.859 INFO [main] org.apache.catalina.core.StandardService.startInternal 서비스 [Catalina]을(를) 시작합니다.
31-Mar-2020 03:31:55.864 INFO [main] org.apache.catalina.core.StandardEngine.startInternal 서버 엔진을 시작합니다: [Apache Tomcat/9.0.33]
31-Mar-2020 03:31:55.886 INFO [main] org.apache.catalina.startup.HostConfig.deployWAR 웹 애플리케이션 아카이브 [C:\Users\DonghyukHome\fcam\tomcat\apache-tomcat-9.0.33\webapps\springbasic.war]을(를) 배치합니다.
31-Mar-2020 03:31:56.456 INFO [main] org.apache.jasper.servlet.TldScanner.scanJars 적어도 하나의 JAR가 TLD들을 찾기 위해 스캔되었으나 아무 것도 찾지 못했습니다. 스캔했으나 TLD가 없는 JAR들의 전체 목록을 보시려면, 로그 레벨을 디버그 레벨로 설정하십시오. 스캔 과정에서 불필요한 JAR들을 건너뛰면, 시스템 시작 시간과 JSP 컴파일 시간을 단축시킬 수 있습니다.
31-Mar-2020 03:31:56.811 INFO [main] org.apache.catalina.startup.HostConfig.deployWAR 웹 애플리케이션 아카이브 [C:\Users\DonghyukHome\fcam\tomcat\apache-tomcat-9.0.33\webapps\springbasic.war]의 배치가 [926] 밀리초에 완료되었습니다.
31-Mar-2020 03:31:56.814 INFO [main] org.apache.catalina.startup.HostConfig.deployDirectory 웹 애플리케이션 디렉토리 [C:\Users\DonghyukHome\fcam\tomcat\apache-tomcat-9.0.33\webapps\docs]을(를) 배치합니다.
31-Mar-2020 03:31:56.847 INFO [main] org.apache.catalina.startup.HostConfig.deployDirectory 웹 애플리케이션 디렉토리 [C:\Users\DonghyukHome\fcam\tomcat\apache-tomcat-9.0.33\webapps\docs]에 대한 배치가 [33] 밀리초에 완료되었습니다.
31-Mar-2020 03:31:56.849 INFO [main] org.apache.catalina.startup.HostConfig.deployDirectory 웹 애플리케이션 디렉토리 [C:\Users\DonghyukHome\fcam\tomcat\apache-tomcat-9.0.33\webapps\examples]을(를) 배치합니다.
31-Mar-2020 03:31:57.405 INFO [main] org.apache.catalina.startup.HostConfig.deployDirectory 웹 애플리케이션 디렉토리 [C:\Users\DonghyukHome\fcam\tomcat\apache-tomcat-9.0.33\webapps\examples]에 대한 배치가 [555] 밀리초에 완료되었습니다.
31-Mar-2020 03:31:57.408 INFO [main] org.apache.catalina.startup.HostConfig.deployDirectory 웹 애플리케이션 디렉토리 [C:\Users\DonghyukHome\fcam\tomcat\apache-tomcat-9.0.33\webapps\host-manager]을(를) 배치합니다.
31-Mar-2020 03:31:57.466 INFO [main] org.apache.catalina.startup.HostConfig.deployDirectory 웹 애플리케이션 디렉토리 [C:\Users\DonghyukHome\fcam\tomcat\apache-tomcat-9.0.33\webapps\host-manager]에 대한 배치가 [59] 밀리초에 완료되었습니다.
31-Mar-2020 03:31:57.469 INFO [main] org.apache.catalina.startup.HostConfig.deployDirectory 웹 애플리케이션 디렉토리 [C:\Users\DonghyukHome\fcam\tomcat\apache-tomcat-9.0.33\webapps\manager]을(를) 배치합니다.
31-Mar-2020 03:31:57.512 INFO [main] org.apache.catalina.startup.HostConfig.deployDirectory 웹 애플리케이션 디렉토리 [C:\Users\DonghyukHome\fcam\tomcat\apache-tomcat-9.0.33\webapps\manager]에 대한 배치가 [43] 밀리초에 완료되었습니다.
31-Mar-2020 03:31:57.515 INFO [main] org.apache.catalina.startup.HostConfig.deployDirectory 웹 애플리케이션 디렉토리 [C:\Users\DonghyukHome\fcam\tomcat\apache-tomcat-9.0.33\webapps\ROOT]을(를) 배치합니다.
31-Mar-2020 03:31:57.544 INFO [main] org.apache.catalina.startup.HostConfig.deployDirectory 웹 애플리케이션 디렉토리 [C:\Users\DonghyukHome\fcam\tomcat\apache-tomcat-9.0.33\webapps\ROOT]에 대한 배치가 [30] 밀리초에 완료되었습니다.
31-Mar-2020 03:31:57.550 INFO [main] org.apache.coyote.AbstractProtocol.start 프로토콜 핸들러 ["http-nio-8080"]을(를) 시작합니다.
31-Mar-2020 03:31:57.560 INFO [main] org.apache.catalina.startup.Catalina.start 서버가 [1,765] 밀리초 내에 시작되었습니다.
31-Mar-2020 03:52:54.479 INFO [main] org.apache.catalina.startup.VersionLoggerListener.log 서버 버전 이름:        Apache Tomcat/9.0.33
31-Mar-2020 03:52:54.484 INFO [main] org.apache.catalina.startup.VersionLoggerListener.log Server 빌드 시각:          Mar 11 2020 09:31:38 UTC
31-Mar-2020 03:52:54.484 INFO [main] org.apache.catalina.startup.VersionLoggerListener.log Server 버전 번호:         9.0.33.0
31-Mar-2020 03:52:54.485 INFO [main] org.apache.catalina.startup.VersionLoggerListener.log 운영체제 이름:               Windows 10
31-Mar-2020 03:52:54.485 INFO [main] org.apache.catalina.startup.VersionLoggerListener.log 운영체제 버전:            10.0
31-Mar-2020 03:52:54.485 INFO [main] org.apache.catalina.startup.VersionLoggerListener.log 아키텍처:          amd64
31-Mar-2020 03:52:54.488 INFO [main] org.apache.catalina.startup.VersionLoggerListener.log 자바 홈:             C:\Program Files\OpenJDK\jdk-12.0.1
31-Mar-2020 03:52:54.488 INFO [main] org.apache.catalina.startup.VersionLoggerListener.log JVM 버전:           12.0.1+12
31-Mar-2020 03:52:54.489 INFO [main] org.apache.catalina.startup.VersionLoggerListener.log JVM 벤더:            Oracle Corporation
31-Mar-2020 03:52:54.490 INFO [main] org.apache.catalina.startup.VersionLoggerListener.log CATALINA_BASE:         C:\Users\DonghyukHome\fcam\tomcat\apache-tomcat-9.0.33
31-Mar-2020 03:52:54.490 INFO [main] org.apache.catalina.startup.VersionLoggerListener.log CATALINA_HOME:         C:\Users\DonghyukHome\fcam\tomcat\apache-tomcat-9.0.33
31-Mar-2020 03:52:54.498 INFO [main] org.apache.catalina.startup.VersionLoggerListener.log 명령 행 아규먼트: --add-opens=java.base/java.lang=ALL-UNNAMED
31-Mar-2020 03:52:54.499 INFO [main] org.apache.catalina.startup.VersionLoggerListener.log 명령 행 아규먼트: --add-opens=java.base/java.io=ALL-UNNAMED
31-Mar-2020 03:52:54.500 INFO [main] org.apache.catalina.startup.VersionLoggerListener.log 명령 행 아규먼트: --add-opens=java.rmi/sun.rmi.transport=ALL-UNNAMED
31-Mar-2020 03:52:54.501 INFO [main] org.apache.catalina.startup.VersionLoggerListener.log 명령 행 아규먼트: -Djava.util.logging.config.file=C:\Users\DonghyukHome\fcam\tomcat\apache-tomcat-9.0.33\conf\logging.properties
31-Mar-2020 03:52:54.502 INFO [main] org.apache.catalina.startup.VersionLoggerListener.log 명령 행 아규먼트: -Djava.util.logging.manager=org.apache.juli.ClassLoaderLogManager
31-Mar-2020 03:52:54.503 INFO [main] org.apache.catalina.startup.VersionLoggerListener.log 명령 행 아규먼트: -Djdk.tls.ephemeralDHKeySize=2048
31-Mar-2020 03:52:54.504 INFO [main] org.apache.catalina.startup.VersionLoggerListener.log 명령 행 아규먼트: -Djava.protocol.handler.pkgs=org.apache.catalina.webresources
31-Mar-2020 03:52:54.504 INFO [main] org.apache.catalina.startup.VersionLoggerListener.log 명령 행 아규먼트: -Dignore.endorsed.dirs=
31-Mar-2020 03:52:54.505 INFO [main] org.apache.catalina.startup.VersionLoggerListener.log 명령 행 아규먼트: -Dcatalina.base=C:\Users\DonghyukHome\fcam\tomcat\apache-tomcat-9.0.33
31-Mar-2020 03:52:54.506 INFO [main] org.apache.catalina.startup.VersionLoggerListener.log 명령 행 아규먼트: -Dcatalina.home=C:\Users\DonghyukHome\fcam\tomcat\apache-tomcat-9.0.33
31-Mar-2020 03:52:54.507 INFO [main] org.apache.catalina.startup.VersionLoggerListener.log 명령 행 아규먼트: -Djava.io.tmpdir=C:\Users\DonghyukHome\fcam\tomcat\apache-tomcat-9.0.33\temp
31-Mar-2020 03:52:54.507 INFO [main] org.apache.catalina.core.AprLifecycleListener.lifecycleEvent 프로덕션 환경들에서 최적의 성능을 제공하는, APR 기반 Apache Tomcat Native 라이브러리가, 다음 java.library.path에서 발견되지 않습니다: [C:\Program Files\OpenJDK\jdk-12.0.1\bin;C:\Windows\Sun\Java\bin;C:\Windows\system32;C:\Windows;C:\Program Files (x86)\Common Files\Oracle\Java\javapath;C:\Windows\system32;C:\Windows;C:\Windows\System32\Wbem;C:\Windows\System32\WindowsPowerShell\v1.0\;C:\Windows\System32\OpenSSH\;C:\Program Files (x86)\NVIDIA Corporation\PhysX\Common;C:\Program Files\NVIDIA Corporation\NVIDIA NvDLISR;C:\ProgramData\chocolatey\bin;C:\ProgramData\chocolatey\lib\maven\apache-maven-3.6.3\bin;C:\Program Files\Java\jdk1.8.0_231\bin;C:\ProgramData\chocolatey\lib\maven\apache-maven-3.6.3\bin;C:\Users\DonghyukHome\AppData\Local\Microsoft\WindowsApps;C:\Program Files\Bandizip\;C:\Program Files\JetBrains\IntelliJ IDEA Community Edition 2019.3.4\bin;;.]
31-Mar-2020 03:52:54.789 INFO [main] org.apache.coyote.AbstractProtocol.init 프로토콜 핸들러 ["http-nio-8080"]을(를) 초기화합니다.
31-Mar-2020 03:52:54.947 INFO [main] org.apache.catalina.startup.Catalina.load [680] 밀리초 내에 서버가 초기화되었습니다.
31-Mar-2020 03:52:55.015 INFO [main] org.apache.catalina.core.StandardService.startInternal 서비스 [Catalina]을(를) 시작합니다.
31-Mar-2020 03:52:55.018 INFO [main] org.apache.catalina.core.StandardEngine.startInternal 서버 엔진을 시작합니다: [Apache Tomcat/9.0.33]
31-Mar-2020 03:52:55.043 INFO [main] org.apache.catalina.startup.HostConfig.deployWAR 웹 애플리케이션 아카이브 [C:\Users\DonghyukHome\fcam\tomcat\apache-tomcat-9.0.33\webapps\springbasic.war]을(를) 배치합니다.
31-Mar-2020 03:52:55.586 INFO [main] org.apache.jasper.servlet.TldScanner.scanJars 적어도 하나의 JAR가 TLD들을 찾기 위해 스캔되었으나 아무 것도 찾지 못했습니다. 스캔했으나 TLD가 없는 JAR들의 전체 목록을 보시려면, 로그 레벨을 디버그 레벨로 설정하십시오. 스캔 과정에서 불필요한 JAR들을 건너뛰면, 시스템 시작 시간과 JSP 컴파일 시간을 단축시킬 수 있습니다.
31-Mar-2020 03:52:55.947 INFO [main] org.apache.catalina.startup.HostConfig.deployWAR 웹 애플리케이션 아카이브 [C:\Users\DonghyukHome\fcam\tomcat\apache-tomcat-9.0.33\webapps\springbasic.war]의 배치가 [904] 밀리초에 완료되었습니다.
31-Mar-2020 03:52:55.950 INFO [main] org.apache.catalina.startup.HostConfig.deployDirectory 웹 애플리케이션 디렉토리 [C:\Users\DonghyukHome\fcam\tomcat\apache-tomcat-9.0.33\webapps\docs]을(를) 배치합니다.
31-Mar-2020 03:52:55.981 INFO [main] org.apache.catalina.startup.HostConfig.deployDirectory 웹 애플리케이션 디렉토리 [C:\Users\DonghyukHome\fcam\tomcat\apache-tomcat-9.0.33\webapps\docs]에 대한 배치가 [31] 밀리초에 완료되었습니다.
31-Mar-2020 03:52:55.983 INFO [main] org.apache.catalina.startup.HostConfig.deployDirectory 웹 애플리케이션 디렉토리 [C:\Users\DonghyukHome\fcam\tomcat\apache-tomcat-9.0.33\webapps\examples]을(를) 배치합니다.
31-Mar-2020 03:52:56.414 INFO [main] org.apache.catalina.startup.HostConfig.deployDirectory 웹 애플리케이션 디렉토리 [C:\Users\DonghyukHome\fcam\tomcat\apache-tomcat-9.0.33\webapps\examples]에 대한 배치가 [431] 밀리초에 완료되었습니다.
31-Mar-2020 03:52:56.416 INFO [main] org.apache.catalina.startup.HostConfig.deployDirectory 웹 애플리케이션 디렉토리 [C:\Users\DonghyukHome\fcam\tomcat\apache-tomcat-9.0.33\webapps\host-manager]을(를) 배치합니다.
31-Mar-2020 03:52:56.464 INFO [main] org.apache.catalina.startup.HostConfig.deployDirectory 웹 애플리케이션 디렉토리 [C:\Users\DonghyukHome\fcam\tomcat\apache-tomcat-9.0.33\webapps\host-manager]에 대한 배치가 [48] 밀리초에 완료되었습니다.
31-Mar-2020 03:52:56.466 INFO [main] org.apache.catalina.startup.HostConfig.deployDirectory 웹 애플리케이션 디렉토리 [C:\Users\DonghyukHome\fcam\tomcat\apache-tomcat-9.0.33\webapps\manager]을(를) 배치합니다.
31-Mar-2020 03:52:56.499 INFO [main] org.apache.catalina.startup.HostConfig.deployDirectory 웹 애플리케이션 디렉토리 [C:\Users\DonghyukHome\fcam\tomcat\apache-tomcat-9.0.33\webapps\manager]에 대한 배치가 [32] 밀리초에 완료되었습니다.
31-Mar-2020 03:52:56.501 INFO [main] org.apache.catalina.startup.HostConfig.deployDirectory 웹 애플리케이션 디렉토리 [C:\Users\DonghyukHome\fcam\tomcat\apache-tomcat-9.0.33\webapps\ROOT]을(를) 배치합니다.
31-Mar-2020 03:52:56.531 INFO [main] org.apache.catalina.startup.HostConfig.deployDirectory 웹 애플리케이션 디렉토리 [C:\Users\DonghyukHome\fcam\tomcat\apache-tomcat-9.0.33\webapps\ROOT]에 대한 배치가 [29] 밀리초에 완료되었습니다.
31-Mar-2020 03:52:56.536 INFO [main] org.apache.coyote.AbstractProtocol.start 프로토콜 핸들러 ["http-nio-8080"]을(를) 시작합니다.
31-Mar-2020 03:52:56.546 INFO [main] org.apache.catalina.startup.Catalina.start 서버가 [1,596] 밀리초 내에 시작되었습니다.
31-Mar-2020 05:07:27.012 INFO [main] org.apache.catalina.startup.VersionLoggerListener.log 서버 버전 이름:        Apache Tomcat/9.0.33
31-Mar-2020 05:07:27.018 INFO [main] org.apache.catalina.startup.VersionLoggerListener.log Server 빌드 시각:          Mar 11 2020 09:31:38 UTC
31-Mar-2020 05:07:27.019 INFO [main] org.apache.catalina.startup.VersionLoggerListener.log Server 버전 번호:         9.0.33.0
31-Mar-2020 05:07:27.019 INFO [main] org.apache.catalina.startup.VersionLoggerListener.log 운영체제 이름:               Windows 10
31-Mar-2020 05:07:27.020 INFO [main] org.apache.catalina.startup.VersionLoggerListener.log 운영체제 버전:            10.0
31-Mar-2020 05:07:27.020 INFO [main] org.apache.catalina.startup.VersionLoggerListener.log 아키텍처:          amd64
31-Mar-2020 05:07:27.021 INFO [main] org.apache.catalina.startup.VersionLoggerListener.log 자바 홈:             C:\Program Files\OpenJDK\jdk-12.0.1
31-Mar-2020 05:07:27.021 INFO [main] org.apache.catalina.startup.VersionLoggerListener.log JVM 버전:           12.0.1+12
31-Mar-2020 05:07:27.022 INFO [main] org.apache.catalina.startup.VersionLoggerListener.log JVM 벤더:            Oracle Corporation
31-Mar-2020 05:07:27.022 INFO [main] org.apache.catalina.startup.VersionLoggerListener.log CATALINA_BASE:         C:\Users\DonghyukHome\fcam\tomcat\apache-tomcat-9.0.33
31-Mar-2020 05:07:27.022 INFO [main] org.apache.catalina.startup.VersionLoggerListener.log CATALINA_HOME:         C:\Users\DonghyukHome\fcam\tomcat\apache-tomcat-9.0.33
31-Mar-2020 05:07:27.032 INFO [main] org.apache.catalina.startup.VersionLoggerListener.log 명령 행 아규먼트: --add-opens=java.base/java.lang=ALL-UNNAMED
31-Mar-2020 05:07:27.033 INFO [main] org.apache.catalina.startup.VersionLoggerListener.log 명령 행 아규먼트: --add-opens=java.base/java.io=ALL-UNNAMED
31-Mar-2020 05:07:27.034 INFO [main] org.apache.catalina.startup.VersionLoggerListener.log 명령 행 아규먼트: --add-opens=java.rmi/sun.rmi.transport=ALL-UNNAMED
31-Mar-2020 05:07:27.034 INFO [main] org.apache.catalina.startup.VersionLoggerListener.log 명령 행 아규먼트: -Djava.util.logging.config.file=C:\Users\DonghyukHome\fcam\tomcat\apache-tomcat-9.0.33\conf\logging.properties
31-Mar-2020 05:07:27.035 INFO [main] org.apache.catalina.startup.VersionLoggerListener.log 명령 행 아규먼트: -Djava.util.logging.manager=org.apache.juli.ClassLoaderLogManager
31-Mar-2020 05:07:27.036 INFO [main] org.apache.catalina.startup.VersionLoggerListener.log 명령 행 아규먼트: -Djdk.tls.ephemeralDHKeySize=2048
31-Mar-2020 05:07:27.037 INFO [main] org.apache.catalina.startup.VersionLoggerListener.log 명령 행 아규먼트: -Djava.protocol.handler.pkgs=org.apache.catalina.webresources
31-Mar-2020 05:07:27.038 INFO [main] org.apache.catalina.startup.VersionLoggerListener.log 명령 행 아규먼트: -Dignore.endorsed.dirs=
31-Mar-2020 05:07:27.039 INFO [main] org.apache.catalina.startup.VersionLoggerListener.log 명령 행 아규먼트: -Dcatalina.base=C:\Users\DonghyukHome\fcam\tomcat\apache-tomcat-9.0.33
31-Mar-2020 05:07:27.041 INFO [main] org.apache.catalina.startup.VersionLoggerListener.log 명령 행 아규먼트: -Dcatalina.home=C:\Users\DonghyukHome\fcam\tomcat\apache-tomcat-9.0.33
31-Mar-2020 05:07:27.043 INFO [main] org.apache.catalina.startup.VersionLoggerListener.log 명령 행 아규먼트: -Djava.io.tmpdir=C:\Users\DonghyukHome\fcam\tomcat\apache-tomcat-9.0.33\temp
31-Mar-2020 05:07:27.043 INFO [main] org.apache.catalina.core.AprLifecycleListener.lifecycleEvent 프로덕션 환경들에서 최적의 성능을 제공하는, APR 기반 Apache Tomcat Native 라이브러리가, 다음 java.library.path에서 발견되지 않습니다: [C:\Program Files\OpenJDK\jdk-12.0.1\bin;C:\Windows\Sun\Java\bin;C:\Windows\system32;C:\Windows;C:\Program Files (x86)\Common Files\Oracle\Java\javapath;C:\Windows\system32;C:\Windows;C:\Windows\System32\Wbem;C:\Windows\System32\WindowsPowerShell\v1.0\;C:\Windows\System32\OpenSSH\;C:\Program Files (x86)\NVIDIA Corporation\PhysX\Common;C:\Program Files\NVIDIA Corporation\NVIDIA NvDLISR;C:\ProgramData\chocolatey\bin;C:\ProgramData\chocolatey\lib\maven\apache-maven-3.6.3\bin;C:\Program Files\OpenJDK\jdk-12.0.1\bin;C:\ProgramData\chocolatey\lib\maven\apache-maven-3.6.3\bin;C:\Users\DonghyukHome\AppData\Local\Microsoft\WindowsApps;C:\Program Files\Bandizip\;C:\Program Files\JetBrains\IntelliJ IDEA Community Edition 2019.3.4\bin;;.]
31-Mar-2020 05:07:27.339 INFO [main] org.apache.coyote.AbstractProtocol.init 프로토콜 핸들러 ["http-nio-8080"]을(를) 초기화합니다.
31-Mar-2020 05:07:27.493 INFO [main] org.apache.catalina.startup.Catalina.load [730] 밀리초 내에 서버가 초기화되었습니다.
31-Mar-2020 05:07:27.590 INFO [main] org.apache.catalina.core.StandardService.startInternal 서비스 [Catalina]을(를) 시작합니다.
31-Mar-2020 05:07:27.601 INFO [main] org.apache.catalina.core.StandardEngine.startInternal 서버 엔진을 시작합니다: [Apache Tomcat/9.0.33]
31-Mar-2020 05:07:27.645 INFO [main] org.apache.catalina.startup.HostConfig.deployWAR 웹 애플리케이션 아카이브 [C:\Users\DonghyukHome\fcam\tomcat\apache-tomcat-9.0.33\webapps\springbasics.war]을(를) 배치합니다.
31-Mar-2020 05:07:28.102 INFO [main] org.apache.catalina.startup.HostConfig.deployWAR 웹 애플리케이션 아카이브 [C:\Users\DonghyukHome\fcam\tomcat\apache-tomcat-9.0.33\webapps\springbasics.war]의 배치가 [457] 밀리초에 완료되었습니다.
31-Mar-2020 05:07:28.105 INFO [main] org.apache.catalina.startup.HostConfig.deployDirectory 웹 애플리케이션 디렉토리 [C:\Users\DonghyukHome\fcam\tomcat\apache-tomcat-9.0.33\webapps\docs]을(를) 배치합니다.
31-Mar-2020 05:07:28.143 INFO [main] org.apache.catalina.startup.HostConfig.deployDirectory 웹 애플리케이션 디렉토리 [C:\Users\DonghyukHome\fcam\tomcat\apache-tomcat-9.0.33\webapps\docs]에 대한 배치가 [38] 밀리초에 완료되었습니다.
31-Mar-2020 05:07:28.146 INFO [main] org.apache.catalina.startup.HostConfig.deployDirectory 웹 애플리케이션 디렉토리 [C:\Users\DonghyukHome\fcam\tomcat\apache-tomcat-9.0.33\webapps\examples]을(를) 배치합니다.
31-Mar-2020 05:07:28.635 INFO [main] org.apache.catalina.startup.HostConfig.deployDirectory 웹 애플리케이션 디렉토리 [C:\Users\DonghyukHome\fcam\tomcat\apache-tomcat-9.0.33\webapps\examples]에 대한 배치가 [489] 밀리초에 완료되었습니다.
31-Mar-2020 05:07:28.637 INFO [main] org.apache.catalina.startup.HostConfig.deployDirectory 웹 애플리케이션 디렉토리 [C:\Users\DonghyukHome\fcam\tomcat\apache-tomcat-9.0.33\webapps\host-manager]을(를) 배치합니다.
31-Mar-2020 05:07:28.677 INFO [main] org.apache.catalina.startup.HostConfig.deployDirectory 웹 애플리케이션 디렉토리 [C:\Users\DonghyukHome\fcam\tomcat\apache-tomcat-9.0.33\webapps\host-manager]에 대한 배치가 [39] 밀리초에 완료되었습니다.
31-Mar-2020 05:07:28.679 INFO [main] org.apache.catalina.startup.HostConfig.deployDirectory 웹 애플리케이션 디렉토리 [C:\Users\DonghyukHome\fcam\tomcat\apache-tomcat-9.0.33\webapps\manager]을(를) 배치합니다.
31-Mar-2020 05:07:28.719 INFO [main] org.apache.catalina.startup.HostConfig.deployDirectory 웹 애플리케이션 디렉토리 [C:\Users\DonghyukHome\fcam\tomcat\apache-tomcat-9.0.33\webapps\manager]에 대한 배치가 [39] 밀리초에 완료되었습니다.
31-Mar-2020 05:07:28.721 INFO [main] org.apache.catalina.startup.HostConfig.deployDirectory 웹 애플리케이션 디렉토리 [C:\Users\DonghyukHome\fcam\tomcat\apache-tomcat-9.0.33\webapps\ROOT]을(를) 배치합니다.
31-Mar-2020 05:07:28.749 INFO [main] org.apache.catalina.startup.HostConfig.deployDirectory 웹 애플리케이션 디렉토리 [C:\Users\DonghyukHome\fcam\tomcat\apache-tomcat-9.0.33\webapps\ROOT]에 대한 배치가 [28] 밀리초에 완료되었습니다.
31-Mar-2020 05:07:28.755 INFO [main] org.apache.coyote.AbstractProtocol.start 프로토콜 핸들러 ["http-nio-8080"]을(를) 시작합니다.
31-Mar-2020 05:07:28.765 INFO [main] org.apache.catalina.startup.Catalina.start 서버가 [1,270] 밀리초 내에 시작되었습니다.
31-Mar-2020 05:08:28.820 INFO [Catalina-utility-1] org.apache.catalina.startup.HostConfig.undeploy 컨텍스트 [/springbasics]의 배치를 제거합니다.
31-Mar-2020 05:08:28.859 INFO [Catalina-utility-1] org.apache.catalina.startup.HostConfig.deployWAR 웹 애플리케이션 아카이브 [C:\Users\DonghyukHome\fcam\tomcat\apache-tomcat-9.0.33\webapps\springbasics.war]을(를) 배치합니다.
31-Mar-2020 05:08:29.121 INFO [Catalina-utility-1] org.apache.jasper.servlet.TldScanner.scanJars 적어도 하나의 JAR가 TLD들을 찾기 위해 스캔되었으나 아무 것도 찾지 못했습니다. 스캔했으나 TLD가 없는 JAR들의 전체 목록을 보시려면, 로그 레벨을 디버그 레벨로 설정하십시오. 스캔 과정에서 불필요한 JAR들을 건너뛰면, 시스템 시작 시간과 JSP 컴파일 시간을 단축시킬 수 있습니다.
31-Mar-2020 05:08:29.332 INFO [Catalina-utility-1] org.apache.catalina.startup.HostConfig.deployWAR 웹 애플리케이션 아카이브 [C:\Users\DonghyukHome\fcam\tomcat\apache-tomcat-9.0.33\webapps\springbasics.war]의 배치가 [473] 밀리초에 완료되었습니다.
31-Mar-2020 05:09:39.893 INFO [Catalina-utility-2] org.apache.catalina.startup.HostConfig.undeploy 컨텍스트 [/springbasics]의 배치를 제거합니다.
31-Mar-2020 05:09:49.949 INFO [Catalina-utility-2] org.apache.catalina.startup.HostConfig.deployWAR 웹 애플리케이션 아카이브 [C:\Users\DonghyukHome\fcam\tomcat\apache-tomcat-9.0.33\webapps\springbasic.war]을(를) 배치합니다.
31-Mar-2020 05:09:50.255 INFO [Catalina-utility-2] org.apache.jasper.servlet.TldScanner.scanJars 적어도 하나의 JAR가 TLD들을 찾기 위해 스캔되었으나 아무 것도 찾지 못했습니다. 스캔했으나 TLD가 없는 JAR들의 전체 목록을 보시려면, 로그 레벨을 디버그 레벨로 설정하십시오. 스캔 과정에서 불필요한 JAR들을 건너뛰면, 시스템 시작 시간과 JSP 컴파일 시간을 단축시킬 수 있습니다.
31-Mar-2020 05:09:50.570 INFO [Catalina-utility-2] org.apache.catalina.startup.HostConfig.deployWAR 웹 애플리케이션 아카이브 [C:\Users\DonghyukHome\fcam\tomcat\apache-tomcat-9.0.33\webapps\springbasic.war]의 배치가 [621] 밀리초에 완료되었습니다.
31-Mar-2020 05:21:21.671 INFO [Catalina-utility-1] org.apache.catalina.startup.HostConfig.undeploy 컨텍스트 [/springbasic]의 배치를 제거합니다.
31-Mar-2020 05:21:31.702 INFO [Catalina-utility-2] org.apache.catalina.startup.HostConfig.deployWAR 웹 애플리케이션 아카이브 [C:\Users\DonghyukHome\fcam\tomcat\apache-tomcat-9.0.33\webapps\springbasic.war]을(를) 배치합니다.
31-Mar-2020 05:21:31.964 INFO [Catalina-utility-2] org.apache.jasper.servlet.TldScanner.scanJars 적어도 하나의 JAR가 TLD들을 찾기 위해 스캔되었으나 아무 것도 찾지 못했습니다. 스캔했으나 TLD가 없는 JAR들의 전체 목록을 보시려면, 로그 레벨을 디버그 레벨로 설정하십시오. 스캔 과정에서 불필요한 JAR들을 건너뛰면, 시스템 시작 시간과 JSP 컴파일 시간을 단축시킬 수 있습니다.
31-Mar-2020 05:21:32.141 INFO [Catalina-utility-2] org.apache.catalina.startup.HostConfig.deployWAR 웹 애플리케이션 아카이브 [C:\Users\DonghyukHome\fcam\tomcat\apache-tomcat-9.0.33\webapps\springbasic.war]의 배치가 [439] 밀리초에 완료되었습니다.
31-Mar-2020 05:23:02.707 INFO [Catalina-utility-2] org.apache.catalina.startup.HostConfig.undeploy 컨텍스트 [/springbasic]의 배치를 제거합니다.
31-Mar-2020 05:23:12.750 INFO [Catalina-utility-1] org.apache.catalina.startup.HostConfig.deployWAR 웹 애플리케이션 아카이브 [C:\Users\DonghyukHome\fcam\tomcat\apache-tomcat-9.0.33\webapps\original-springbasic.war]을(를) 배치합니다.
31-Mar-2020 05:23:12.978 INFO [Catalina-utility-1] org.apache.jasper.servlet.TldScanner.scanJars 적어도 하나의 JAR가 TLD들을 찾기 위해 스캔되었으나 아무 것도 찾지 못했습니다. 스캔했으나 TLD가 없는 JAR들의 전체 목록을 보시려면, 로그 레벨을 디버그 레벨로 설정하십시오. 스캔 과정에서 불필요한 JAR들을 건너뛰면, 시스템 시작 시간과 JSP 컴파일 시간을 단축시킬 수 있습니다.
31-Mar-2020 05:23:13.145 INFO [Catalina-utility-1] org.apache.catalina.startup.HostConfig.deployWAR 웹 애플리케이션 아카이브 [C:\Users\DonghyukHome\fcam\tomcat\apache-tomcat-9.0.33\webapps\original-springbasic.war]의 배치가 [395] 밀리초에 완료되었습니다.
31-Mar-2020 05:24:23.696 INFO [Catalina-utility-2] org.apache.catalina.startup.HostConfig.undeploy 컨텍스트 [/original-springbasic]의 배치를 제거합니다.
31-Mar-2020 05:27:33.853 INFO [Catalina-utility-1] org.apache.catalina.startup.HostConfig.deployWAR 웹 애플리케이션 아카이브 [C:\Users\DonghyukHome\fcam\tomcat\apache-tomcat-9.0.33\webapps\springbasic.war]을(를) 배치합니다.
31-Mar-2020 05:27:36.139 INFO [Catalina-utility-1] org.apache.jasper.servlet.TldScanner.scanJars 적어도 하나의 JAR가 TLD들을 찾기 위해 스캔되었으나 아무 것도 찾지 못했습니다. 스캔했으나 TLD가 없는 JAR들의 전체 목록을 보시려면, 로그 레벨을 디버그 레벨로 설정하십시오. 스캔 과정에서 불필요한 JAR들을 건너뛰면, 시스템 시작 시간과 JSP 컴파일 시간을 단축시킬 수 있습니다.
31-Mar-2020 05:27:36.329 INFO [Catalina-utility-1] org.apache.catalina.startup.HostConfig.deployWAR 웹 애플리케이션 아카이브 [C:\Users\DonghyukHome\fcam\tomcat\apache-tomcat-9.0.33\webapps\springbasic.war]의 배치가 [2,475] 밀리초에 완료되었습니다.
31-Mar-2020 15:54:05.590 INFO [main] org.apache.catalina.startup.VersionLoggerListener.log 서버 버전 이름:        Apache Tomcat/9.0.33
31-Mar-2020 15:54:05.595 INFO [main] org.apache.catalina.startup.VersionLoggerListener.log Server 빌드 시각:          Mar 11 2020 09:31:38 UTC
31-Mar-2020 15:54:05.595 INFO [main] org.apache.catalina.startup.VersionLoggerListener.log Server 버전 번호:         9.0.33.0
31-Mar-2020 15:54:05.596 INFO [main] org.apache.catalina.startup.VersionLoggerListener.log 운영체제 이름:               Windows 10
31-Mar-2020 15:54:05.596 INFO [main] org.apache.catalina.startup.VersionLoggerListener.log 운영체제 버전:            10.0
31-Mar-2020 15:54:05.596 INFO [main] org.apache.catalina.startup.VersionLoggerListener.log 아키텍처:          amd64
31-Mar-2020 15:54:05.596 INFO [main] org.apache.catalina.startup.VersionLoggerListener.log 자바 홈:             C:\Program Files\OpenJDK\jdk-12.0.1
31-Mar-2020 15:54:05.597 INFO [main] org.apache.catalina.startup.VersionLoggerListener.log JVM 버전:           12.0.1+12
31-Mar-2020 15:54:05.597 INFO [main] org.apache.catalina.startup.VersionLoggerListener.log JVM 벤더:            Oracle Corporation
31-Mar-2020 15:54:05.597 INFO [main] org.apache.catalina.startup.VersionLoggerListener.log CATALINA_BASE:         C:\Users\DonghyukHome\fcam\tomcat\apache-tomcat-9.0.33
31-Mar-2020 15:54:05.597 INFO [main] org.apache.catalina.startup.VersionLoggerListener.log CATALINA_HOME:         C:\Users\DonghyukHome\fcam\tomcat\apache-tomcat-9.0.33
31-Mar-2020 15:54:05.608 INFO [main] org.apache.catalina.startup.VersionLoggerListener.log 명령 행 아규먼트: --add-opens=java.base/java.lang=ALL-UNNAMED
31-Mar-2020 15:54:05.609 INFO [main] org.apache.catalina.startup.VersionLoggerListener.log 명령 행 아규먼트: --add-opens=java.base/java.io=ALL-UNNAMED
31-Mar-2020 15:54:05.609 INFO [main] org.apache.catalina.startup.VersionLoggerListener.log 명령 행 아규먼트: --add-opens=java.rmi/sun.rmi.transport=ALL-UNNAMED
31-Mar-2020 15:54:05.610 INFO [main] org.apache.catalina.startup.VersionLoggerListener.log 명령 행 아규먼트: -Djava.util.logging.config.file=C:\Users\DonghyukHome\fcam\tomcat\apache-tomcat-9.0.33\conf\logging.properties
31-Mar-2020 15:54:05.611 INFO [main] org.apache.catalina.startup.VersionLoggerListener.log 명령 행 아규먼트: -Djava.util.logging.manager=org.apache.juli.ClassLoaderLogManager
31-Mar-2020 15:54:05.611 INFO [main] org.apache.catalina.startup.VersionLoggerListener.log 명령 행 아규먼트: -Djdk.tls.ephemeralDHKeySize=2048
31-Mar-2020 15:54:05.612 INFO [main] org.apache.catalina.startup.VersionLoggerListener.log 명령 행 아규먼트: -Djava.protocol.handler.pkgs=org.apache.catalina.webresources
31-Mar-2020 15:54:05.613 INFO [main] org.apache.catalina.startup.VersionLoggerListener.log 명령 행 아규먼트: -Dignore.endorsed.dirs=
31-Mar-2020 15:54:05.614 INFO [main] org.apache.catalina.startup.VersionLoggerListener.log 명령 행 아규먼트: -Dcatalina.base=C:\Users\DonghyukHome\fcam\tomcat\apache-tomcat-9.0.33
31-Mar-2020 15:54:05.615 INFO [main] org.apache.catalina.startup.VersionLoggerListener.log 명령 행 아규먼트: -Dcatalina.home=C:\Users\DonghyukHome\fcam\tomcat\apache-tomcat-9.0.33
31-Mar-2020 15:54:05.618 INFO [main] org.apache.catalina.startup.VersionLoggerListener.log 명령 행 아규먼트: -Djava.io.tmpdir=C:\Users\DonghyukHome\fcam\tomcat\apache-tomcat-9.0.33\temp
31-Mar-2020 15:54:05.618 INFO [main] org.apache.catalina.core.AprLifecycleListener.lifecycleEvent 프로덕션 환경들에서 최적의 성능을 제공하는, APR 기반 Apache Tomcat Native 라이브러리가, 다음 java.library.path에서 발견되지 않습니다: [C:\Program Files\OpenJDK\jdk-12.0.1\bin;C:\Windows\Sun\Java\bin;C:\Windows\system32;C:\Windows;C:\Program Files (x86)\Common Files\Oracle\Java\javapath;C:\Windows\system32;C:\Windows;C:\Windows\System32\Wbem;C:\Windows\System32\WindowsPowerShell\v1.0\;C:\Windows\System32\OpenSSH\;C:\Program Files (x86)\NVIDIA Corporation\PhysX\Common;C:\Program Files\NVIDIA Corporation\NVIDIA NvDLISR;C:\ProgramData\chocolatey\bin;C:\ProgramData\chocolatey\lib\maven\apache-maven-3.6.3\bin;C:\Program Files\OpenJDK\jdk-12.0.1\bin;C:\ProgramData\chocolatey\lib\maven\apache-maven-3.6.3\bin;C:\Users\DonghyukHome\AppData\Local\Microsoft\WindowsApps;C:\Program Files\Bandizip\;C:\Program Files\JetBrains\IntelliJ IDEA Community Edition 2019.3.4\bin;;.]
31-Mar-2020 15:54:05.975 INFO [main] org.apache.coyote.AbstractProtocol.init 프로토콜 핸들러 ["http-nio-8080"]을(를) 초기화합니다.
31-Mar-2020 15:54:06.121 INFO [main] org.apache.catalina.startup.Catalina.load [803] 밀리초 내에 서버가 초기화되었습니다.
31-Mar-2020 15:54:06.185 INFO [main] org.apache.catalina.core.StandardService.startInternal 서비스 [Catalina]을(를) 시작합니다.
31-Mar-2020 15:54:06.187 INFO [main] org.apache.catalina.core.StandardEngine.startInternal 서버 엔진을 시작합니다: [Apache Tomcat/9.0.33]
31-Mar-2020 15:54:06.208 INFO [main] org.apache.catalina.startup.HostConfig.deployWAR 웹 애플리케이션 아카이브 [C:\Users\DonghyukHome\fcam\tomcat\apache-tomcat-9.0.33\webapps\springbasic.war]을(를) 배치합니다.
31-Mar-2020 15:54:08.625 INFO [main] org.apache.jasper.servlet.TldScanner.scanJars 적어도 하나의 JAR가 TLD들을 찾기 위해 스캔되었으나 아무 것도 찾지 못했습니다. 스캔했으나 TLD가 없는 JAR들의 전체 목록을 보시려면, 로그 레벨을 디버그 레벨로 설정하십시오. 스캔 과정에서 불필요한 JAR들을 건너뛰면, 시스템 시작 시간과 JSP 컴파일 시간을 단축시킬 수 있습니다.
31-Mar-2020 15:54:09.015 INFO [main] org.apache.catalina.startup.HostConfig.deployWAR 웹 애플리케이션 아카이브 [C:\Users\DonghyukHome\fcam\tomcat\apache-tomcat-9.0.33\webapps\springbasic.war]의 배치가 [2,807] 밀리초에 완료되었습니다.
31-Mar-2020 15:54:09.019 INFO [main] org.apache.catalina.startup.HostConfig.deployDirectory 웹 애플리케이션 디렉토리 [C:\Users\DonghyukHome\fcam\tomcat\apache-tomcat-9.0.33\webapps\docs]을(를) 배치합니다.
31-Mar-2020 15:54:09.065 INFO [main] org.apache.catalina.startup.HostConfig.deployDirectory 웹 애플리케이션 디렉토리 [C:\Users\DonghyukHome\fcam\tomcat\apache-tomcat-9.0.33\webapps\docs]에 대한 배치가 [45] 밀리초에 완료되었습니다.
31-Mar-2020 15:54:09.067 INFO [main] org.apache.catalina.startup.HostConfig.deployDirectory 웹 애플리케이션 디렉토리 [C:\Users\DonghyukHome\fcam\tomcat\apache-tomcat-9.0.33\webapps\examples]을(를) 배치합니다.
31-Mar-2020 15:54:09.563 INFO [main] org.apache.catalina.startup.HostConfig.deployDirectory 웹 애플리케이션 디렉토리 [C:\Users\DonghyukHome\fcam\tomcat\apache-tomcat-9.0.33\webapps\examples]에 대한 배치가 [497] 밀리초에 완료되었습니다.
31-Mar-2020 15:54:09.565 INFO [main] org.apache.catalina.startup.HostConfig.deployDirectory 웹 애플리케이션 디렉토리 [C:\Users\DonghyukHome\fcam\tomcat\apache-tomcat-9.0.33\webapps\host-manager]을(를) 배치합니다.
31-Mar-2020 15:54:09.619 INFO [main] org.apache.catalina.startup.HostConfig.deployDirectory 웹 애플리케이션 디렉토리 [C:\Users\DonghyukHome\fcam\tomcat\apache-tomcat-9.0.33\webapps\host-manager]에 대한 배치가 [54] 밀리초에 완료되었습니다.
31-Mar-2020 15:54:09.621 INFO [main] org.apache.catalina.startup.HostConfig.deployDirectory 웹 애플리케이션 디렉토리 [C:\Users\DonghyukHome\fcam\tomcat\apache-tomcat-9.0.33\webapps\manager]을(를) 배치합니다.
31-Mar-2020 15:54:09.668 INFO [main] org.apache.catalina.startup.HostConfig.deployDirectory 웹 애플리케이션 디렉토리 [C:\Users\DonghyukHome\fcam\tomcat\apache-tomcat-9.0.33\webapps\manager]에 대한 배치가 [47] 밀리초에 완료되었습니다.
31-Mar-2020 15:54:09.669 INFO [main] org.apache.catalina.startup.HostConfig.deployDirectory 웹 애플리케이션 디렉토리 [C:\Users\DonghyukHome\fcam\tomcat\apache-tomcat-9.0.33\webapps\ROOT]을(를) 배치합니다.
31-Mar-2020 15:54:09.701 INFO [main] org.apache.catalina.startup.HostConfig.deployDirectory 웹 애플리케이션 디렉토리 [C:\Users\DonghyukHome\fcam\tomcat\apache-tomcat-9.0.33\webapps\ROOT]에 대한 배치가 [31] 밀리초에 완료되었습니다.
31-Mar-2020 15:54:09.706 INFO [main] org.apache.coyote.AbstractProtocol.start 프로토콜 핸들러 ["http-nio-8080"]을(를) 시작합니다.
31-Mar-2020 15:54:09.716 INFO [main] org.apache.catalina.startup.Catalina.start 서버가 [3,588] 밀리초 내에 시작되었습니다.
31-Mar-2020 15:56:00.885 INFO [Catalina-utility-2] org.apache.catalina.startup.HostConfig.undeploy 컨텍스트 [/springbasic]의 배치를 제거합니다.
31-Mar-2020 15:56:00.943 INFO [Catalina-utility-2] org.apache.catalina.startup.HostConfig.deployWAR 웹 애플리케이션 아카이브 [C:\Users\DonghyukHome\fcam\tomcat\apache-tomcat-9.0.33\webapps\springbasic.war]을(를) 배치합니다.
31-Mar-2020 15:56:03.153 INFO [Catalina-utility-2] org.apache.jasper.servlet.TldScanner.scanJars 적어도 하나의 JAR가 TLD들을 찾기 위해 스캔되었으나 아무 것도 찾지 못했습니다. 스캔했으나 TLD가 없는 JAR들의 전체 목록을 보시려면, 로그 레벨을 디버그 레벨로 설정하십시오. 스캔 과정에서 불필요한 JAR들을 건너뛰면, 시스템 시작 시간과 JSP 컴파일 시간을 단축시킬 수 있습니다.
31-Mar-2020 15:56:03.371 INFO [Catalina-utility-2] org.apache.catalina.startup.HostConfig.deployWAR 웹 애플리케이션 아카이브 [C:\Users\DonghyukHome\fcam\tomcat\apache-tomcat-9.0.33\webapps\springbasic.war]의 배치가 [2,428] 밀리초에 완료되었습니다.
31-Mar-2020 16:00:53.614 INFO [Catalina-utility-1] org.apache.catalina.startup.HostConfig.undeploy 컨텍스트 [/springbasic]의 배치를 제거합니다.
31-Mar-2020 16:00:54.185 INFO [Catalina-utility-1] org.apache.catalina.startup.HostConfig.deployWAR 웹 애플리케이션 아카이브 [C:\Users\DonghyukHome\fcam\tomcat\apache-tomcat-9.0.33\webapps\springbasic.war]을(를) 배치합니다.
31-Mar-2020 16:00:54.509 INFO [Catalina-utility-1] org.apache.jasper.servlet.TldScanner.scanJars 적어도 하나의 JAR가 TLD들을 찾기 위해 스캔되었으나 아무 것도 찾지 못했습니다. 스캔했으나 TLD가 없는 JAR들의 전체 목록을 보시려면, 로그 레벨을 디버그 레벨로 설정하십시오. 스캔 과정에서 불필요한 JAR들을 건너뛰면, 시스템 시작 시간과 JSP 컴파일 시간을 단축시킬 수 있습니다.
31-Mar-2020 16:00:54.711 INFO [Catalina-utility-1] org.apache.catalina.startup.HostConfig.deployWAR 웹 애플리케이션 아카이브 [C:\Users\DonghyukHome\fcam\tomcat\apache-tomcat-9.0.33\webapps\springbasic.war]의 배치가 [526] 밀리초에 완료되었습니다.
31-Mar-2020 16:01:35.259 INFO [Catalina-utility-1] org.apache.catalina.startup.HostConfig.undeploy 컨텍스트 [/springbasic]의 배치를 제거합니다.
31-Mar-2020 16:02:20.241 INFO [Catalina-utility-1] org.apache.catalina.startup.HostConfig.deployWAR 웹 애플리케이션 아카이브 [C:\Users\DonghyukHome\fcam\tomcat\apache-tomcat-9.0.33\webapps\springbasic.war]을(를) 배치합니다.
31-Mar-2020 16:02:20.481 INFO [Catalina-utility-1] org.apache.jasper.servlet.TldScanner.scanJars 적어도 하나의 JAR가 TLD들을 찾기 위해 스캔되었으나 아무 것도 찾지 못했습니다. 스캔했으나 TLD가 없는 JAR들의 전체 목록을 보시려면, 로그 레벨을 디버그 레벨로 설정하십시오. 스캔 과정에서 불필요한 JAR들을 건너뛰면, 시스템 시작 시간과 JSP 컴파일 시간을 단축시킬 수 있습니다.
31-Mar-2020 16:02:20.665 INFO [Catalina-utility-1] org.apache.catalina.startup.HostConfig.deployWAR 웹 애플리케이션 아카이브 [C:\Users\DonghyukHome\fcam\tomcat\apache-tomcat-9.0.33\webapps\springbasic.war]의 배치가 [423] 밀리초에 완료되었습니다.
